2025-05-11 09:07:54,685 INFO o.a.j.u.JMeterUtils: Setting Locale to en_EN
2025-05-11 09:07:54,703 INFO o.a.j.JMeter: Loading user properties from: /home/pozzani/jmeter/bin/user.properties
2025-05-11 09:07:54,703 INFO o.a.j.JMeter: Loading system properties from: /home/pozzani/jmeter/bin/system.properties
2025-05-11 09:07:54,708 INFO o.a.j.JMeter: Copyright (c) 1998-2024 The Apache Software Foundation
2025-05-11 09:07:54,708 INFO o.a.j.JMeter: Version 5.6.3
2025-05-11 09:07:54,708 INFO o.a.j.JMeter: java.version=17.0.15
2025-05-11 09:07:54,708 INFO o.a.j.JMeter: java.vm.name=OpenJDK 64-Bit Server VM
2025-05-11 09:07:54,708 INFO o.a.j.JMeter: os.name=Linux
2025-05-11 09:07:54,708 INFO o.a.j.JMeter: os.arch=amd64
2025-05-11 09:07:54,708 INFO o.a.j.JMeter: os.version=6.8.0-58-generic
2025-05-11 09:07:54,708 INFO o.a.j.JMeter: file.encoding=UTF-8
2025-05-11 09:07:54,709 INFO o.a.j.JMeter: java.awt.headless=true
2025-05-11 09:07:54,710 INFO o.a.j.JMeter: Max memory     =1073741824
2025-05-11 09:07:54,710 INFO o.a.j.JMeter: Available Processors =4
2025-05-11 09:07:54,717 INFO o.a.j.JMeter: Default Locale=English (EN)
2025-05-11 09:07:54,718 INFO o.a.j.JMeter: JMeter  Locale=English (EN)
2025-05-11 09:07:54,718 INFO o.a.j.JMeter: JMeterHome=/home/pozzani/jmeter
2025-05-11 09:07:54,718 INFO o.a.j.JMeter: user.dir  =/home/pozzani/serverledge/jmeter
2025-05-11 09:07:54,718 INFO o.a.j.JMeter: PWD       =/home/pozzani/serverledge/jmeter
2025-05-11 09:07:54,718 INFO o.a.j.JMeter: IP: 127.0.1.1 Name: pozzani-server-1 FullName: pozzani-server-1
2025-05-11 09:07:54,727 INFO o.a.j.JMeter: Setting property 'jmeter.reportgenerator.outputdir' to:'/home/pozzani/serverledge/jmeter/report-folder'
2025-05-11 09:07:54,729 INFO o.a.j.s.FileServer: Default base='/home/pozzani/serverledge/jmeter'
2025-05-11 09:07:54,731 INFO o.a.j.s.FileServer: Set new base='/home/pozzani/serverledge/jmeter'
2025-05-11 09:07:54,923 INFO o.a.j.s.SaveService: Testplan (JMX) version: 2.2. Testlog (JTL) version: 2.2
2025-05-11 09:07:54,948 INFO o.a.j.s.SaveService: Using SaveService properties version 5.0
2025-05-11 09:07:54,951 INFO o.a.j.s.SaveService: Using SaveService properties file encoding UTF-8
2025-05-11 09:07:54,954 INFO o.a.j.s.SaveService: Loading file: /home/pozzani/serverledge/jmeter/newsintestload.jmx
2025-05-11 09:07:55,005 INFO o.a.j.p.h.s.HTTPSamplerBase: Parser for text/html is org.apache.jmeter.protocol.http.parser.LagartoBasedHtmlParser
2025-05-11 09:07:55,005 INFO o.a.j.p.h.s.HTTPSamplerBase: Parser for application/xhtml+xml is org.apache.jmeter.protocol.http.parser.LagartoBasedHtmlParser
2025-05-11 09:07:55,005 INFO o.a.j.p.h.s.HTTPSamplerBase: Parser for application/xml is org.apache.jmeter.protocol.http.parser.LagartoBasedHtmlParser
2025-05-11 09:07:55,005 INFO o.a.j.p.h.s.HTTPSamplerBase: Parser for text/xml is org.apache.jmeter.protocol.http.parser.LagartoBasedHtmlParser
2025-05-11 09:07:55,005 INFO o.a.j.p.h.s.HTTPSamplerBase: Parser for text/vnd.wap.wml is org.apache.jmeter.protocol.http.parser.RegexpHTMLParser
2025-05-11 09:07:55,005 INFO o.a.j.p.h.s.HTTPSamplerBase: Parser for text/css is org.apache.jmeter.protocol.http.parser.CssParser
2025-05-11 09:07:55,105 INFO o.a.j.JMeter: Creating summariser <summary>
2025-05-11 09:07:55,109 INFO o.a.j.r.d.ReportGenerator: ReportGenerator will use for Parsing the separator: ','
2025-05-11 09:07:55,109 INFO o.a.j.r.d.ReportGenerator: Will generate report at end of test from  results file: /home/pozzani/serverledge/jmeter/result.log
2025-05-11 09:07:55,109 INFO o.a.j.r.d.ReportGenerator: Reading report generator properties from: /home/pozzani/jmeter/bin/reportgenerator.properties
2025-05-11 09:07:55,109 INFO o.a.j.r.d.ReportGenerator: Merging with JMeter properties
2025-05-11 09:07:55,114 INFO o.a.j.r.c.ReportGeneratorConfiguration: Property 'jmeter.reportgenerator.temp_dir' not found, using default value 'temp' instead.
2025-05-11 09:07:55,117 INFO o.a.j.r.c.ReportGeneratorConfiguration: Property 'jmeter.reportgenerator.apdex_per_transaction' not found, using default value 'null' instead.
2025-05-11 09:07:55,117 INFO o.a.j.r.c.ReportGeneratorConfiguration: apdex_per_transaction is empty, not APDEX per transaction customization
2025-05-11 09:07:55,118 INFO o.a.j.r.c.ReportGeneratorConfiguration: Property 'jmeter.reportgenerator.sample_filter' not found, using default value 'null' instead.
2025-05-11 09:07:55,118 INFO o.a.j.r.c.ReportGeneratorConfiguration: Property 'jmeter.reportgenerator.report_title' not found, using default value 'null' instead.
2025-05-11 09:07:55,118 INFO o.a.j.r.c.ReportGeneratorConfiguration: Property 'jmeter.reportgenerator.start_date' not found, using default value 'null' instead.
2025-05-11 09:07:55,118 INFO o.a.j.r.c.ReportGeneratorConfiguration: Property 'jmeter.reportgenerator.end_date' not found, using default value 'null' instead.
2025-05-11 09:07:55,118 INFO o.a.j.r.c.ReportGeneratorConfiguration: Property 'jmeter.reportgenerator.date_format' not found, using default value 'null' instead.
2025-05-11 09:07:55,118 INFO o.a.j.r.c.ReportGeneratorConfiguration: Will use date range start date: null, end date: null
2025-05-11 09:07:55,121 INFO o.a.j.r.c.ReportGeneratorConfiguration: Property 'jmeter.reportgenerator.graph.totalTPS.exclude_controllers' not found, using default value 'false' instead.
2025-05-11 09:07:55,122 INFO o.a.j.r.c.ReportGeneratorConfiguration: Property 'jmeter.reportgenerator.graph.activeThreadsOverTime.exclude_controllers' not found, using default value 'false' instead.
2025-05-11 09:07:55,122 INFO o.a.j.r.c.ReportGeneratorConfiguration: Property 'jmeter.reportgenerator.graph.timeVsThreads.exclude_controllers' not found, using default value 'false' instead.
2025-05-11 09:07:55,122 INFO o.a.j.r.c.ReportGeneratorConfiguration: Property 'jmeter.reportgenerator.graph.responseTimeDistribution.exclude_controllers' not found, using default value 'false' instead.
2025-05-11 09:07:55,123 INFO o.a.j.r.c.ReportGeneratorConfiguration: Property 'jmeter.reportgenerator.graph.transactionsPerSecond.exclude_controllers' not found, using default value 'false' instead.
2025-05-11 09:07:55,123 INFO o.a.j.r.c.ReportGeneratorConfiguration: Property 'jmeter.reportgenerator.graph.responseTimePercentiles.exclude_controllers' not found, using default value 'false' instead.
2025-05-11 09:07:55,123 INFO o.a.j.r.c.ReportGeneratorConfiguration: Property 'jmeter.reportgenerator.graph.responseTimePercentilesOverTime.exclude_controllers' not found, using default value 'false' instead.
2025-05-11 09:07:55,123 INFO o.a.j.r.c.ReportGeneratorConfiguration: Property 'jmeter.reportgenerator.graph.responseTimesOverTime.exclude_controllers' not found, using default value 'false' instead.
2025-05-11 09:07:55,124 INFO o.a.j.r.c.ReportGeneratorConfiguration: Property 'jmeter.reportgenerator.graph.connectTimeOverTime.exclude_controllers' not found, using default value 'false' instead.
2025-05-11 09:07:55,124 INFO o.a.j.r.c.ReportGeneratorConfiguration: Property 'jmeter.reportgenerator.graph.latenciesOverTime.exclude_controllers' not found, using default value 'false' instead.
2025-05-11 09:07:55,125 INFO o.a.j.r.c.ReportGeneratorConfiguration: Property 'jmeter.reportgenerator.exporter.json.filters_only_sample_series' not found, using default value 'true' instead.
2025-05-11 09:07:55,125 INFO o.a.j.r.c.ReportGeneratorConfiguration: Property 'jmeter.reportgenerator.exporter.json.series_filter' not found, using default value '' instead.
2025-05-11 09:07:55,125 INFO o.a.j.r.c.ReportGeneratorConfiguration: Property 'jmeter.reportgenerator.exporter.json.show_controllers_only' not found, using default value 'false' instead.
2025-05-11 09:07:55,126 INFO o.a.j.r.c.ReportGeneratorConfiguration: Property 'jmeter.reportgenerator.exporter.html.filters_only_sample_series' not found, using default value 'true' instead.
2025-05-11 09:07:55,126 INFO o.a.j.r.c.ReportGeneratorConfiguration: Property 'jmeter.reportgenerator.exporter.html.series_filter' not found, using default value '' instead.
2025-05-11 09:07:55,126 INFO o.a.j.r.c.ReportGeneratorConfiguration: Property 'jmeter.reportgenerator.exporter.html.show_controllers_only' not found, using default value 'false' instead.
2025-05-11 09:07:55,135 INFO o.a.j.e.StandardJMeterEngine: Running the test!
2025-05-11 09:07:55,137 INFO o.a.j.s.SampleEvent: List of sample_variables: []
2025-05-11 09:07:55,137 INFO o.a.j.s.SampleEvent: List of sample_variables: []
2025-05-11 09:07:55,142 INFO o.a.j.e.u.CompoundVariable: Note: Function class names must contain the string: '.functions.'
2025-05-11 09:07:55,145 INFO o.a.j.e.u.CompoundVariable: Note: Function class names must not contain the string: '.gui.'
2025-05-11 09:07:55,208 INFO o.a.j.r.ClassFinder: Will scan jar /home/pozzani/jmeter/lib/ext/JMeterPlugins-Manager.jar with filter ExtendsClassFilter [parents=[interface org.apache.jmeter.functions.Function], inner=false, contains=null, notContains=null]. Consider exposing JMeter plugins via META-INF/services, and add JMeter-Skip-Class-Scanning=true manifest attribute so JMeter can skip classfile scanning
2025-05-11 09:07:55,279 INFO o.a.j.r.ClassFinder: Will scan jar /home/pozzani/jmeter/lib/ext/jmeter-plugins-tst-2.6.jar with filter ExtendsClassFilter [parents=[interface org.apache.jmeter.functions.Function], inner=false, contains=null, notContains=null]. Consider exposing JMeter plugins via META-INF/services, and add JMeter-Skip-Class-Scanning=true manifest attribute so JMeter can skip classfile scanning
2025-05-11 09:07:55,281 INFO o.a.j.r.ClassFinder: Will scan jar /home/pozzani/jmeter/lib/ext/jmeter-plugins-casutg-3.1.jar with filter ExtendsClassFilter [parents=[interface org.apache.jmeter.functions.Function], inner=false, contains=null, notContains=null]. Consider exposing JMeter plugins via META-INF/services, and add JMeter-Skip-Class-Scanning=true manifest attribute so JMeter can skip classfile scanning
2025-05-11 09:07:55,329 INFO o.a.j.JMeter: Running test (1746954475328)
2025-05-11 09:07:55,355 INFO o.a.j.e.StandardJMeterEngine: Starting ThreadGroup: 1 : LoadTest
2025-05-11 09:07:55,355 INFO o.a.j.e.StandardJMeterEngine: Starting 1000 threads for group LoadTest.
2025-05-11 09:07:55,355 INFO o.a.j.e.StandardJMeterEngine: Thread will continue on error
2025-05-11 09:07:55,355 INFO o.a.j.t.ThreadGroup: Starting thread group... number=1 threads=1000 ramp-up=1 delayedStart=false
2025-05-11 09:07:55,361 INFO o.a.j.t.JMeterThread: Thread started: LoadTest 1-1
2025-05-11 09:07:55,362 INFO o.a.j.t.JMeterThread: Thread started: LoadTest 1-2
2025-05-11 09:07:55,364 INFO o.a.j.t.JMeterThread: Thread started: LoadTest 1-3
2025-05-11 09:07:55,367 INFO o.a.j.t.JMeterThread: Thread started: LoadTest 1-4
2025-05-11 09:07:55,368 INFO o.a.j.t.JMeterThread: Thread started: LoadTest 1-5
2025-05-11 09:07:55,369 INFO o.a.j.t.JMeterThread: Thread started: LoadTest 1-6
2025-05-11 09:07:55,370 INFO o.a.j.t.JMeterThread: Thread started: LoadTest 1-7
2025-05-11 09:07:55,376 INFO o.a.j.t.JMeterThread: Thread started: LoadTest 1-8
2025-05-11 09:07:55,379 INFO o.a.j.t.JMeterThread: Thread started: LoadTest 1-9
2025-05-11 09:07:55,381 INFO o.a.j.t.JMeterThread: Thread started: LoadTest 1-10
2025-05-11 09:07:55,383 INFO o.a.j.t.JMeterThread: Thread started: LoadTest 1-13
2025-05-11 09:07:55,383 INFO o.a.j.t.JMeterThread: Thread started: LoadTest 1-12
2025-05-11 09:07:55,382 INFO o.a.j.t.JMeterThread: Thread started: LoadTest 1-11
2025-05-11 09:07:55,385 INFO o.a.j.p.h.s.HTTPHCAbstractImpl: Local host = pozzani-server-1
2025-05-11 09:07:55,386 INFO o.a.j.t.JMeterThread: Thread started: LoadTest 1-14
2025-05-11 09:07:55,388 INFO o.a.j.t.JMeterThread: Thread started: LoadTest 1-16
2025-05-11 09:07:55,390 INFO o.a.j.t.JMeterThread: Thread started: LoadTest 1-15
2025-05-11 09:07:55,392 INFO o.a.j.t.JMeterThread: Thread started: LoadTest 1-18
2025-05-11 09:07:55,392 INFO o.a.j.t.JMeterThread: Thread started: LoadTest 1-17
2025-05-11 09:07:55,395 INFO o.a.j.t.JMeterThread: Thread started: LoadTest 1-19
2025-05-11 09:07:55,396 INFO o.a.j.p.h.s.HTTPHC4Impl: HTTP request retry count = 0
2025-05-11 09:07:55,396 INFO o.a.j.t.JMeterThread: Thread started: LoadTest 1-20
2025-05-11 09:07:55,396 INFO o.a.j.t.JMeterThread: Thread started: LoadTest 1-21
2025-05-11 09:07:55,398 INFO o.a.j.s.SampleResult: Note: Sample TimeStamps are START times
2025-05-11 09:07:55,398 INFO o.a.j.t.JMeterThread: Thread started: LoadTest 1-22
2025-05-11 09:07:55,398 INFO o.a.j.s.SampleResult: sampleresult.default.encoding is set to UTF-8
2025-05-11 09:07:55,399 INFO o.a.j.s.SampleResult: sampleresult.useNanoTime=true
2025-05-11 09:07:55,399 INFO o.a.j.s.SampleResult: sampleresult.nanoThreadSleep=5000
2025-05-11 09:07:55,398 INFO o.a.j.t.JMeterThread: Thread started: LoadTest 1-23
2025-05-11 09:07:55,399 INFO o.a.j.t.JMeterThread: Thread started: LoadTest 1-24
2025-05-11 09:07:55,400 INFO o.a.j.t.JMeterThread: Thread started: LoadTest 1-26
2025-05-11 09:07:55,400 INFO o.a.j.t.JMeterThread: Thread started: LoadTest 1-25
2025-05-11 09:07:55,402 INFO o.a.j.t.JMeterThread: Thread started: LoadTest 1-27
2025-05-11 09:07:55,404 INFO o.a.j.t.JMeterThread: Thread started: LoadTest 1-28
2025-05-11 09:07:55,405 INFO o.a.j.t.JMeterThread: Thread started: LoadTest 1-29
2025-05-11 09:07:55,407 INFO o.a.j.t.JMeterThread: Thread started: LoadTest 1-31
2025-05-11 09:07:55,407 INFO o.a.j.t.JMeterThread: Thread started: LoadTest 1-30
2025-05-11 09:07:55,409 INFO o.a.j.t.JMeterThread: Thread started: LoadTest 1-33
2025-05-11 09:07:55,410 INFO o.a.j.t.JMeterThread: Thread started: LoadTest 1-32
2025-05-11 09:07:55,411 INFO o.a.j.t.JMeterThread: Thread started: LoadTest 1-34
2025-05-11 09:07:55,413 INFO o.a.j.t.JMeterThread: Thread started: LoadTest 1-35
2025-05-11 09:07:55,415 INFO o.a.j.t.JMeterThread: Thread started: LoadTest 1-36
2025-05-11 09:07:55,416 INFO o.a.j.t.JMeterThread: Thread started: LoadTest 1-37
2025-05-11 09:07:55,417 INFO o.a.j.t.JMeterThread: Thread started: LoadTest 1-38
2025-05-11 09:07:55,418 INFO o.a.j.t.JMeterThread: Thread started: LoadTest 1-39
2025-05-11 09:07:55,419 INFO o.a.j.t.JMeterThread: Thread started: LoadTest 1-40
2025-05-11 09:07:55,421 INFO o.a.j.t.JMeterThread: Thread started: LoadTest 1-41
2025-05-11 09:07:55,422 INFO o.a.j.t.JMeterThread: Thread started: LoadTest 1-42
2025-05-11 09:07:55,423 INFO o.a.j.t.JMeterThread: Thread started: LoadTest 1-43
2025-05-11 09:07:55,424 INFO o.a.j.t.JMeterThread: Thread started: LoadTest 1-44
2025-05-11 09:07:55,424 INFO o.a.j.t.JMeterThread: Thread started: LoadTest 1-45
2025-05-11 09:07:55,427 INFO o.a.j.t.JMeterThread: Thread started: LoadTest 1-46
2025-05-11 09:07:55,426 INFO o.a.j.t.JMeterThread: Thread started: LoadTest 1-47
2025-05-11 09:07:55,427 INFO o.a.j.t.JMeterThread: Thread started: LoadTest 1-49
2025-05-11 09:07:55,427 INFO o.a.j.t.JMeterThread: Thread started: LoadTest 1-48
2025-05-11 09:07:55,428 INFO o.a.j.t.JMeterThread: Thread started: LoadTest 1-50
2025-05-11 09:07:55,429 INFO o.a.j.t.JMeterThread: Thread started: LoadTest 1-51
2025-05-11 09:07:55,431 INFO o.a.j.t.JMeterThread: Thread started: LoadTest 1-52
2025-05-11 09:07:55,432 INFO o.a.j.t.JMeterThread: Thread started: LoadTest 1-53
2025-05-11 09:07:55,433 INFO o.a.j.t.JMeterThread: Thread started: LoadTest 1-55
2025-05-11 09:07:55,432 INFO o.a.j.t.JMeterThread: Thread started: LoadTest 1-54
2025-05-11 09:07:55,434 INFO o.a.j.t.JMeterThread: Thread started: LoadTest 1-56
2025-05-11 09:07:55,435 INFO o.a.j.t.JMeterThread: Thread started: LoadTest 1-57
2025-05-11 09:07:55,435 INFO o.a.j.t.JMeterThread: Thread started: LoadTest 1-58
2025-05-11 09:07:55,437 INFO o.a.j.t.JMeterThread: Thread started: LoadTest 1-59
2025-05-11 09:07:55,438 INFO o.a.j.t.JMeterThread: Thread started: LoadTest 1-60
2025-05-11 09:07:55,439 INFO o.a.j.t.JMeterThread: Thread started: LoadTest 1-62
2025-05-11 09:07:55,439 INFO o.a.j.t.JMeterThread: Thread started: LoadTest 1-61
2025-05-11 09:07:55,439 INFO o.a.j.t.JMeterThread: Thread started: LoadTest 1-63
2025-05-11 09:07:55,440 INFO o.a.j.t.JMeterThread: Thread started: LoadTest 1-64
2025-05-11 09:07:55,440 INFO o.a.j.t.JMeterThread: Thread started: LoadTest 1-65
2025-05-11 09:07:55,441 INFO o.a.j.t.JMeterThread: Thread started: LoadTest 1-66
2025-05-11 09:07:55,442 INFO o.a.j.t.JMeterThread: Thread started: LoadTest 1-67
2025-05-11 09:07:55,442 INFO o.a.j.t.JMeterThread: Thread started: LoadTest 1-68
2025-05-11 09:07:55,443 INFO o.a.j.t.JMeterThread: Thread started: LoadTest 1-69
2025-05-11 09:07:55,446 INFO o.a.j.t.JMeterThread: Thread started: LoadTest 1-70
2025-05-11 09:07:55,447 INFO o.a.j.t.JMeterThread: Thread started: LoadTest 1-71
2025-05-11 09:07:55,448 INFO o.a.j.t.JMeterThread: Thread started: LoadTest 1-72
2025-05-11 09:07:55,451 INFO o.a.j.t.JMeterThread: Thread started: LoadTest 1-73
2025-05-11 09:07:55,451 INFO o.a.j.t.JMeterThread: Thread started: LoadTest 1-74
2025-05-11 09:07:55,452 INFO o.a.j.t.JMeterThread: Thread started: LoadTest 1-75
2025-05-11 09:07:55,453 INFO o.a.j.t.JMeterThread: Thread started: LoadTest 1-76
2025-05-11 09:07:55,455 INFO o.a.j.t.JMeterThread: Thread started: LoadTest 1-77
2025-05-11 09:07:55,457 INFO o.a.j.t.JMeterThread: Thread started: LoadTest 1-78
2025-05-11 09:07:55,457 INFO o.a.j.t.JMeterThread: Thread started: LoadTest 1-79
2025-05-11 09:07:55,459 INFO o.a.j.t.JMeterThread: Thread started: LoadTest 1-80
2025-05-11 09:07:55,460 INFO o.a.j.t.JMeterThread: Thread started: LoadTest 1-81
2025-05-11 09:07:55,461 INFO o.a.j.t.JMeterThread: Thread started: LoadTest 1-82
2025-05-11 09:07:55,465 INFO o.a.j.t.JMeterThread: Thread started: LoadTest 1-83
2025-05-11 09:07:55,468 INFO o.a.j.t.JMeterThread: Thread started: LoadTest 1-84
2025-05-11 09:07:55,466 INFO o.a.j.t.JMeterThread: Thread started: LoadTest 1-85
2025-05-11 09:07:55,470 INFO o.a.j.t.JMeterThread: Thread started: LoadTest 1-86
2025-05-11 09:07:55,471 INFO o.a.j.t.JMeterThread: Thread started: LoadTest 1-87
2025-05-11 09:07:55,473 INFO o.a.j.t.JMeterThread: Thread started: LoadTest 1-88
2025-05-11 09:07:55,479 INFO o.a.j.t.JMeterThread: Thread started: LoadTest 1-89
2025-05-11 09:07:55,480 INFO o.a.j.t.JMeterThread: Thread started: LoadTest 1-90
2025-05-11 09:07:55,482 INFO o.a.j.t.JMeterThread: Thread started: LoadTest 1-92
2025-05-11 09:07:55,481 INFO o.a.j.t.JMeterThread: Thread started: LoadTest 1-91
2025-05-11 09:07:55,482 INFO o.a.j.t.JMeterThread: Thread started: LoadTest 1-93
2025-05-11 09:07:55,485 INFO o.a.j.t.JMeterThread: Thread started: LoadTest 1-94
2025-05-11 09:07:55,486 INFO o.a.j.t.JMeterThread: Thread started: LoadTest 1-95
2025-05-11 09:07:55,486 INFO o.a.j.t.JMeterThread: Thread started: LoadTest 1-96
2025-05-11 09:07:55,489 INFO o.a.j.t.JMeterThread: Thread started: LoadTest 1-97
2025-05-11 09:07:55,490 INFO o.a.j.t.JMeterThread: Thread started: LoadTest 1-98
2025-05-11 09:07:55,490 INFO o.a.j.t.JMeterThread: Thread started: LoadTest 1-100
2025-05-11 09:07:55,492 INFO o.a.j.t.JMeterThread: Thread started: LoadTest 1-99
2025-05-11 09:07:55,497 INFO o.a.j.t.JMeterThread: Thread started: LoadTest 1-101
2025-05-11 09:07:55,499 INFO o.a.j.t.JMeterThread: Thread started: LoadTest 1-102
2025-05-11 09:07:55,500 INFO o.a.j.t.JMeterThread: Thread started: LoadTest 1-103
2025-05-11 09:07:55,502 INFO o.a.j.t.JMeterThread: Thread started: LoadTest 1-104
2025-05-11 09:07:55,503 INFO o.a.j.t.JMeterThread: Thread started: LoadTest 1-109
2025-05-11 09:07:55,503 INFO o.a.j.t.JMeterThread: Thread started: LoadTest 1-105
2025-05-11 09:07:55,504 INFO o.a.j.t.JMeterThread: Thread started: LoadTest 1-106
2025-05-11 09:07:55,506 INFO o.a.j.t.JMeterThread: Thread started: LoadTest 1-107
2025-05-11 09:07:55,504 INFO o.a.j.t.JMeterThread: Thread started: LoadTest 1-111
2025-05-11 09:07:55,507 INFO o.a.j.t.JMeterThread: Thread started: LoadTest 1-108
2025-05-11 09:07:55,508 INFO o.a.j.t.JMeterThread: Thread started: LoadTest 1-112
2025-05-11 09:07:55,508 INFO o.a.j.t.JMeterThread: Thread started: LoadTest 1-110
2025-05-11 09:07:55,509 INFO o.a.j.t.JMeterThread: Thread started: LoadTest 1-117
2025-05-11 09:07:55,509 INFO o.a.j.t.JMeterThread: Thread started: LoadTest 1-116
2025-05-11 09:07:55,510 INFO o.a.j.t.JMeterThread: Thread started: LoadTest 1-114
2025-05-11 09:07:55,510 INFO o.a.j.t.JMeterThread: Thread started: LoadTest 1-113
2025-05-11 09:07:55,509 INFO o.a.j.t.JMeterThread: Thread started: LoadTest 1-115
2025-05-11 09:07:55,511 INFO o.a.j.t.JMeterThread: Thread started: LoadTest 1-118
2025-05-11 09:07:55,511 INFO o.a.j.t.JMeterThread: Thread started: LoadTest 1-119
2025-05-11 09:07:55,513 INFO o.a.j.t.JMeterThread: Thread started: LoadTest 1-120
2025-05-11 09:07:55,514 INFO o.a.j.t.JMeterThread: Thread started: LoadTest 1-121
2025-05-11 09:07:55,515 INFO o.a.j.t.JMeterThread: Thread started: LoadTest 1-123
2025-05-11 09:07:55,515 INFO o.a.j.t.JMeterThread: Thread started: LoadTest 1-122
2025-05-11 09:07:55,519 INFO o.a.j.t.JMeterThread: Thread started: LoadTest 1-124
2025-05-11 09:07:55,522 INFO o.a.j.t.JMeterThread: Thread started: LoadTest 1-125
2025-05-11 09:07:55,523 INFO o.a.j.t.JMeterThread: Thread started: LoadTest 1-126
2025-05-11 09:07:55,524 INFO o.a.j.t.JMeterThread: Thread started: LoadTest 1-127
2025-05-11 09:07:55,527 INFO o.a.j.t.JMeterThread: Thread started: LoadTest 1-129
2025-05-11 09:07:55,527 INFO o.a.j.t.JMeterThread: Thread started: LoadTest 1-128
2025-05-11 09:07:55,529 INFO o.a.j.t.JMeterThread: Thread started: LoadTest 1-130
2025-05-11 09:07:55,532 INFO o.a.j.t.JMeterThread: Thread started: LoadTest 1-131
2025-05-11 09:07:55,532 INFO o.a.j.t.JMeterThread: Thread started: LoadTest 1-132
2025-05-11 09:07:55,533 INFO o.a.j.t.JMeterThread: Thread started: LoadTest 1-133
2025-05-11 09:07:55,534 INFO o.a.j.t.JMeterThread: Thread started: LoadTest 1-134
2025-05-11 09:07:55,535 INFO o.a.j.t.JMeterThread: Thread started: LoadTest 1-135
2025-05-11 09:07:55,537 INFO o.a.j.t.JMeterThread: Thread started: LoadTest 1-136
2025-05-11 09:07:55,538 INFO o.a.j.t.JMeterThread: Thread started: LoadTest 1-137
2025-05-11 09:07:55,540 INFO o.a.j.t.JMeterThread: Thread started: LoadTest 1-139
2025-05-11 09:07:55,539 INFO o.a.j.t.JMeterThread: Thread started: LoadTest 1-138
2025-05-11 09:07:55,540 INFO o.a.j.t.JMeterThread: Thread started: LoadTest 1-140
2025-05-11 09:07:55,541 INFO o.a.j.t.JMeterThread: Thread started: LoadTest 1-141
2025-05-11 09:07:55,541 INFO o.a.j.t.JMeterThread: Thread started: LoadTest 1-142
2025-05-11 09:07:55,542 INFO o.a.j.t.JMeterThread: Thread started: LoadTest 1-143
2025-05-11 09:07:55,544 INFO o.a.j.t.JMeterThread: Thread started: LoadTest 1-144
2025-05-11 09:07:55,545 INFO o.a.j.t.JMeterThread: Thread started: LoadTest 1-145
2025-05-11 09:07:55,546 INFO o.a.j.t.JMeterThread: Thread started: LoadTest 1-146
2025-05-11 09:07:55,546 INFO o.a.j.t.JMeterThread: Thread started: LoadTest 1-147
2025-05-11 09:07:55,547 INFO o.a.j.t.JMeterThread: Thread started: LoadTest 1-148
2025-05-11 09:07:55,548 INFO o.a.j.t.JMeterThread: Thread started: LoadTest 1-149
2025-05-11 09:07:55,549 INFO o.a.j.t.JMeterThread: Thread started: LoadTest 1-150
2025-05-11 09:07:55,550 INFO o.a.j.t.JMeterThread: Thread started: LoadTest 1-152
2025-05-11 09:07:55,550 INFO o.a.j.t.JMeterThread: Thread started: LoadTest 1-153
2025-05-11 09:07:55,551 INFO o.a.j.t.JMeterThread: Thread started: LoadTest 1-154
2025-05-11 09:07:55,551 INFO o.a.j.t.JMeterThread: Thread started: LoadTest 1-151
2025-05-11 09:07:55,552 INFO o.a.j.t.JMeterThread: Thread started: LoadTest 1-155
2025-05-11 09:07:55,555 INFO o.a.j.t.JMeterThread: Thread started: LoadTest 1-156
2025-05-11 09:07:55,555 INFO o.a.j.t.JMeterThread: Thread started: LoadTest 1-157
2025-05-11 09:07:55,556 INFO o.a.j.t.JMeterThread: Thread started: LoadTest 1-158
2025-05-11 09:07:55,558 INFO o.a.j.t.JMeterThread: Thread started: LoadTest 1-161
2025-05-11 09:07:55,557 INFO o.a.j.t.JMeterThread: Thread started: LoadTest 1-160
2025-05-11 09:07:55,557 INFO o.a.j.t.JMeterThread: Thread started: LoadTest 1-159
2025-05-11 09:07:55,559 INFO o.a.j.t.JMeterThread: Thread started: LoadTest 1-162
2025-05-11 09:07:55,560 INFO o.a.j.t.JMeterThread: Thread started: LoadTest 1-163
2025-05-11 09:07:55,560 INFO o.a.j.t.JMeterThread: Thread started: LoadTest 1-164
2025-05-11 09:07:55,561 INFO o.a.j.t.JMeterThread: Thread started: LoadTest 1-166
2025-05-11 09:07:55,561 INFO o.a.j.t.JMeterThread: Thread started: LoadTest 1-165
2025-05-11 09:07:55,563 INFO o.a.j.t.JMeterThread: Thread started: LoadTest 1-167
2025-05-11 09:07:55,565 INFO o.a.j.t.JMeterThread: Thread started: LoadTest 1-168
2025-05-11 09:07:55,567 INFO o.a.j.t.JMeterThread: Thread started: LoadTest 1-173
2025-05-11 09:07:55,566 INFO o.a.j.t.JMeterThread: Thread started: LoadTest 1-169
2025-05-11 09:07:55,567 INFO o.a.j.t.JMeterThread: Thread started: LoadTest 1-172
2025-05-11 09:07:55,568 INFO o.a.j.t.JMeterThread: Thread started: LoadTest 1-171
2025-05-11 09:07:55,566 INFO o.a.j.t.JMeterThread: Thread started: LoadTest 1-170
2025-05-11 09:07:55,568 INFO o.a.j.t.JMeterThread: Thread started: LoadTest 1-175
2025-05-11 09:07:55,569 INFO o.a.j.t.JMeterThread: Thread started: LoadTest 1-174
2025-05-11 09:07:55,570 INFO o.a.j.t.JMeterThread: Thread started: LoadTest 1-176
2025-05-11 09:07:55,571 INFO o.a.j.t.JMeterThread: Thread started: LoadTest 1-178
2025-05-11 09:07:55,571 INFO o.a.j.t.JMeterThread: Thread started: LoadTest 1-177
2025-05-11 09:07:55,572 INFO o.a.j.t.JMeterThread: Thread started: LoadTest 1-179
2025-05-11 09:07:55,573 INFO o.a.j.t.JMeterThread: Thread started: LoadTest 1-180
2025-05-11 09:07:55,574 INFO o.a.j.t.JMeterThread: Thread started: LoadTest 1-182
2025-05-11 09:07:55,574 INFO o.a.j.t.JMeterThread: Thread started: LoadTest 1-181
2025-05-11 09:07:55,576 INFO o.a.j.t.JMeterThread: Thread started: LoadTest 1-183
2025-05-11 09:07:55,577 INFO o.a.j.t.JMeterThread: Thread started: LoadTest 1-185
2025-05-11 09:07:55,577 INFO o.a.j.t.JMeterThread: Thread started: LoadTest 1-184
2025-05-11 09:07:55,578 INFO o.a.j.t.JMeterThread: Thread started: LoadTest 1-186
2025-05-11 09:07:55,579 INFO o.a.j.t.JMeterThread: Thread started: LoadTest 1-187
2025-05-11 09:07:55,581 INFO o.a.j.t.JMeterThread: Thread started: LoadTest 1-189
2025-05-11 09:07:55,582 INFO o.a.j.t.JMeterThread: Thread started: LoadTest 1-188
2025-05-11 09:07:55,582 INFO o.a.j.t.JMeterThread: Thread started: LoadTest 1-190
2025-05-11 09:07:55,583 INFO o.a.j.t.JMeterThread: Thread started: LoadTest 1-191
2025-05-11 09:07:55,585 INFO o.a.j.t.JMeterThread: Thread started: LoadTest 1-192
2025-05-11 09:07:55,587 INFO o.a.j.t.JMeterThread: Thread started: LoadTest 1-194
2025-05-11 09:07:55,587 INFO o.a.j.t.JMeterThread: Thread started: LoadTest 1-193
2025-05-11 09:07:55,588 INFO o.a.j.t.JMeterThread: Thread started: LoadTest 1-195
2025-05-11 09:07:55,589 INFO o.a.j.t.JMeterThread: Thread started: LoadTest 1-196
2025-05-11 09:07:55,590 INFO o.a.j.t.JMeterThread: Thread started: LoadTest 1-197
2025-05-11 09:07:55,590 INFO o.a.j.t.JMeterThread: Thread started: LoadTest 1-198
2025-05-11 09:07:55,591 INFO o.a.j.t.JMeterThread: Thread started: LoadTest 1-200
2025-05-11 09:07:55,593 INFO o.a.j.t.JMeterThread: Thread started: LoadTest 1-201
2025-05-11 09:07:55,593 INFO o.a.j.t.JMeterThread: Thread started: LoadTest 1-199
2025-05-11 09:07:55,593 INFO o.a.j.t.JMeterThread: Thread started: LoadTest 1-202
2025-05-11 09:07:55,594 INFO o.a.j.t.JMeterThread: Thread started: LoadTest 1-203
2025-05-11 09:07:55,595 INFO o.a.j.t.JMeterThread: Thread started: LoadTest 1-204
2025-05-11 09:07:55,595 INFO o.a.j.t.JMeterThread: Thread started: LoadTest 1-205
2025-05-11 09:07:55,598 INFO o.a.j.t.JMeterThread: Thread started: LoadTest 1-206
2025-05-11 09:07:55,598 INFO o.a.j.t.JMeterThread: Thread started: LoadTest 1-207
2025-05-11 09:07:55,599 INFO o.a.j.t.JMeterThread: Thread started: LoadTest 1-208
2025-05-11 09:07:55,599 INFO o.a.j.t.JMeterThread: Thread started: LoadTest 1-209
2025-05-11 09:07:55,600 INFO o.a.j.t.JMeterThread: Thread started: LoadTest 1-210
2025-05-11 09:07:55,600 INFO o.a.j.t.JMeterThread: Thread started: LoadTest 1-211
2025-05-11 09:07:55,601 INFO o.a.j.t.JMeterThread: Thread started: LoadTest 1-212
2025-05-11 09:07:55,602 INFO o.a.j.t.JMeterThread: Thread started: LoadTest 1-213
2025-05-11 09:07:55,602 INFO o.a.j.t.JMeterThread: Thread started: LoadTest 1-214
2025-05-11 09:07:55,603 INFO o.a.j.t.JMeterThread: Thread started: LoadTest 1-215
2025-05-11 09:07:55,606 INFO o.a.j.t.JMeterThread: Thread started: LoadTest 1-216
2025-05-11 09:07:55,608 INFO o.a.j.t.JMeterThread: Thread started: LoadTest 1-217
2025-05-11 09:07:55,609 INFO o.a.j.t.JMeterThread: Thread started: LoadTest 1-218
2025-05-11 09:07:55,609 INFO o.a.j.t.JMeterThread: Thread started: LoadTest 1-219
2025-05-11 09:07:55,610 INFO o.a.j.t.JMeterThread: Thread started: LoadTest 1-221
2025-05-11 09:07:55,609 INFO o.a.j.t.JMeterThread: Thread started: LoadTest 1-220
2025-05-11 09:07:55,611 INFO o.a.j.t.JMeterThread: Thread started: LoadTest 1-222
2025-05-11 09:07:55,611 INFO o.a.j.t.JMeterThread: Thread started: LoadTest 1-223
2025-05-11 09:07:55,612 INFO o.a.j.t.JMeterThread: Thread started: LoadTest 1-224
2025-05-11 09:07:55,613 INFO o.a.j.t.JMeterThread: Thread started: LoadTest 1-225
2025-05-11 09:07:55,614 INFO o.a.j.t.JMeterThread: Thread started: LoadTest 1-226
2025-05-11 09:07:55,614 INFO o.a.j.t.JMeterThread: Thread started: LoadTest 1-228
2025-05-11 09:07:55,614 INFO o.a.j.t.JMeterThread: Thread started: LoadTest 1-227
2025-05-11 09:07:55,615 INFO o.a.j.t.JMeterThread: Thread started: LoadTest 1-229
2025-05-11 09:07:55,615 INFO o.a.j.t.JMeterThread: Thread started: LoadTest 1-230
2025-05-11 09:07:55,615 INFO o.a.j.t.JMeterThread: Thread started: LoadTest 1-231
2025-05-11 09:07:55,616 INFO o.a.j.t.JMeterThread: Thread started: LoadTest 1-232
2025-05-11 09:07:55,616 INFO o.a.j.t.JMeterThread: Thread started: LoadTest 1-233
2025-05-11 09:07:55,618 INFO o.a.j.t.JMeterThread: Thread started: LoadTest 1-234
2025-05-11 09:07:55,619 INFO o.a.j.t.JMeterThread: Thread started: LoadTest 1-235
2025-05-11 09:07:55,619 INFO o.a.j.t.JMeterThread: Thread started: LoadTest 1-236
2025-05-11 09:07:55,620 INFO o.a.j.t.JMeterThread: Thread started: LoadTest 1-237
2025-05-11 09:07:55,620 INFO o.a.j.t.JMeterThread: Thread started: LoadTest 1-238
2025-05-11 09:07:55,621 INFO o.a.j.t.JMeterThread: Thread started: LoadTest 1-239
2025-05-11 09:07:55,622 INFO o.a.j.t.JMeterThread: Thread started: LoadTest 1-240
2025-05-11 09:07:55,622 INFO o.a.j.t.JMeterThread: Thread started: LoadTest 1-243
2025-05-11 09:07:55,623 INFO o.a.j.t.JMeterThread: Thread started: LoadTest 1-242
2025-05-11 09:07:55,624 INFO o.a.j.t.JMeterThread: Thread started: LoadTest 1-245
2025-05-11 09:07:55,623 INFO o.a.j.t.JMeterThread: Thread started: LoadTest 1-244
2025-05-11 09:07:55,623 INFO o.a.j.t.JMeterThread: Thread started: LoadTest 1-241
2025-05-11 09:07:55,625 INFO o.a.j.t.JMeterThread: Thread started: LoadTest 1-246
2025-05-11 09:07:55,625 INFO o.a.j.t.JMeterThread: Thread started: LoadTest 1-247
2025-05-11 09:07:55,627 INFO o.a.j.t.JMeterThread: Thread started: LoadTest 1-248
2025-05-11 09:07:55,627 INFO o.a.j.t.JMeterThread: Thread started: LoadTest 1-249
2025-05-11 09:07:55,629 INFO o.a.j.t.JMeterThread: Thread started: LoadTest 1-250
2025-05-11 09:07:55,633 INFO o.a.j.t.JMeterThread: Thread started: LoadTest 1-252
2025-05-11 09:07:55,633 INFO o.a.j.t.JMeterThread: Thread started: LoadTest 1-251
2025-05-11 09:07:55,633 INFO o.a.j.t.JMeterThread: Thread started: LoadTest 1-255
2025-05-11 09:07:55,634 INFO o.a.j.t.JMeterThread: Thread started: LoadTest 1-258
2025-05-11 09:07:55,633 INFO o.a.j.t.JMeterThread: Thread started: LoadTest 1-253
2025-05-11 09:07:55,635 INFO o.a.j.t.JMeterThread: Thread started: LoadTest 1-256
2025-05-11 09:07:55,636 INFO o.a.j.t.JMeterThread: Thread started: LoadTest 1-257
2025-05-11 09:07:55,637 INFO o.a.j.t.JMeterThread: Thread started: LoadTest 1-254
2025-05-11 09:07:55,637 INFO o.a.j.t.JMeterThread: Thread started: LoadTest 1-260
2025-05-11 09:07:55,637 INFO o.a.j.t.JMeterThread: Thread started: LoadTest 1-261
2025-05-11 09:07:55,636 INFO o.a.j.t.JMeterThread: Thread started: LoadTest 1-259
2025-05-11 09:07:55,639 INFO o.a.j.t.JMeterThread: Thread started: LoadTest 1-262
2025-05-11 09:07:55,639 INFO o.a.j.t.JMeterThread: Thread started: LoadTest 1-263
2025-05-11 09:07:55,640 INFO o.a.j.t.JMeterThread: Thread started: LoadTest 1-264
2025-05-11 09:07:55,641 INFO o.a.j.t.JMeterThread: Thread started: LoadTest 1-265
2025-05-11 09:07:55,642 INFO o.a.j.t.JMeterThread: Thread started: LoadTest 1-266
2025-05-11 09:07:55,642 INFO o.a.j.t.JMeterThread: Thread started: LoadTest 1-267
2025-05-11 09:07:55,643 INFO o.a.j.t.JMeterThread: Thread started: LoadTest 1-268
2025-05-11 09:07:55,643 INFO o.a.j.t.JMeterThread: Thread started: LoadTest 1-269
2025-05-11 09:07:55,644 INFO o.a.j.t.JMeterThread: Thread started: LoadTest 1-270
2025-05-11 09:07:55,644 INFO o.a.j.t.JMeterThread: Thread started: LoadTest 1-271
2025-05-11 09:07:55,645 INFO o.a.j.t.JMeterThread: Thread started: LoadTest 1-272
2025-05-11 09:07:55,646 INFO o.a.j.t.JMeterThread: Thread started: LoadTest 1-273
2025-05-11 09:07:55,646 INFO o.a.j.t.JMeterThread: Thread started: LoadTest 1-274
2025-05-11 09:07:55,647 INFO o.a.j.t.JMeterThread: Thread started: LoadTest 1-275
2025-05-11 09:07:55,648 INFO o.a.j.t.JMeterThread: Thread started: LoadTest 1-276
2025-05-11 09:07:55,649 INFO o.a.j.t.JMeterThread: Thread started: LoadTest 1-277
2025-05-11 09:07:55,649 INFO o.a.j.t.JMeterThread: Thread started: LoadTest 1-278
2025-05-11 09:07:55,651 INFO o.a.j.t.JMeterThread: Thread started: LoadTest 1-279
2025-05-11 09:07:55,652 INFO o.a.j.t.JMeterThread: Thread started: LoadTest 1-280
2025-05-11 09:07:55,652 INFO o.a.j.t.JMeterThread: Thread started: LoadTest 1-281
2025-05-11 09:07:55,653 INFO o.a.j.t.JMeterThread: Thread started: LoadTest 1-282
2025-05-11 09:07:55,653 INFO o.a.j.t.JMeterThread: Thread started: LoadTest 1-283
2025-05-11 09:07:55,655 INFO o.a.j.t.JMeterThread: Thread started: LoadTest 1-284
2025-05-11 09:07:55,655 INFO o.a.j.t.JMeterThread: Thread started: LoadTest 1-285
2025-05-11 09:07:55,658 INFO o.a.j.t.JMeterThread: Thread started: LoadTest 1-286
2025-05-11 09:07:55,658 INFO o.a.j.t.JMeterThread: Thread started: LoadTest 1-287
2025-05-11 09:07:55,659 INFO o.a.j.t.JMeterThread: Thread started: LoadTest 1-288
2025-05-11 09:07:55,660 INFO o.a.j.t.JMeterThread: Thread started: LoadTest 1-289
2025-05-11 09:07:55,660 INFO o.a.j.t.JMeterThread: Thread started: LoadTest 1-290
2025-05-11 09:07:55,661 INFO o.a.j.t.JMeterThread: Thread started: LoadTest 1-291
2025-05-11 09:07:55,661 INFO o.a.j.t.JMeterThread: Thread started: LoadTest 1-292
2025-05-11 09:07:55,663 INFO o.a.j.t.JMeterThread: Thread started: LoadTest 1-298
2025-05-11 09:07:55,663 INFO o.a.j.t.JMeterThread: Thread started: LoadTest 1-297
2025-05-11 09:07:55,664 INFO o.a.j.t.JMeterThread: Thread started: LoadTest 1-300
2025-05-11 09:07:55,666 INFO o.a.j.t.JMeterThread: Thread started: LoadTest 1-295
2025-05-11 09:07:55,666 INFO o.a.j.t.JMeterThread: Thread started: LoadTest 1-296
2025-05-11 09:07:55,663 INFO o.a.j.t.JMeterThread: Thread started: LoadTest 1-294
2025-05-11 09:07:55,665 INFO o.a.j.t.JMeterThread: Thread started: LoadTest 1-301
2025-05-11 09:07:55,667 INFO o.a.j.t.JMeterThread: Thread started: LoadTest 1-302
2025-05-11 09:07:55,668 INFO o.a.j.t.JMeterThread: Thread started: LoadTest 1-303
2025-05-11 09:07:55,662 INFO o.a.j.t.JMeterThread: Thread started: LoadTest 1-293
2025-05-11 09:07:55,669 INFO o.a.j.t.JMeterThread: Thread started: LoadTest 1-304
2025-05-11 09:07:55,664 INFO o.a.j.t.JMeterThread: Thread started: LoadTest 1-299
2025-05-11 09:07:55,669 INFO o.a.j.t.JMeterThread: Thread started: LoadTest 1-305
2025-05-11 09:07:55,670 INFO o.a.j.t.JMeterThread: Thread started: LoadTest 1-306
2025-05-11 09:07:55,670 INFO o.a.j.t.JMeterThread: Thread started: LoadTest 1-307
2025-05-11 09:07:55,671 INFO o.a.j.t.JMeterThread: Thread started: LoadTest 1-309
2025-05-11 09:07:55,671 INFO o.a.j.t.JMeterThread: Thread started: LoadTest 1-308
2025-05-11 09:07:55,673 INFO o.a.j.t.JMeterThread: Thread started: LoadTest 1-310
2025-05-11 09:07:55,673 INFO o.a.j.t.JMeterThread: Thread started: LoadTest 1-311
2025-05-11 09:07:55,673 INFO o.a.j.t.JMeterThread: Thread started: LoadTest 1-312
2025-05-11 09:07:55,674 INFO o.a.j.t.JMeterThread: Thread started: LoadTest 1-313
2025-05-11 09:07:55,675 INFO o.a.j.t.JMeterThread: Thread started: LoadTest 1-315
2025-05-11 09:07:55,675 INFO o.a.j.t.JMeterThread: Thread started: LoadTest 1-314
2025-05-11 09:07:55,676 INFO o.a.j.t.JMeterThread: Thread started: LoadTest 1-316
2025-05-11 09:07:55,677 INFO o.a.j.t.JMeterThread: Thread started: LoadTest 1-317
2025-05-11 09:07:55,677 INFO o.a.j.t.JMeterThread: Thread started: LoadTest 1-318
2025-05-11 09:07:55,678 INFO o.a.j.t.JMeterThread: Thread started: LoadTest 1-319
2025-05-11 09:07:55,679 INFO o.a.j.t.JMeterThread: Thread started: LoadTest 1-321
2025-05-11 09:07:55,679 INFO o.a.j.t.JMeterThread: Thread started: LoadTest 1-320
2025-05-11 09:07:55,680 INFO o.a.j.t.JMeterThread: Thread started: LoadTest 1-322
2025-05-11 09:07:55,680 INFO o.a.j.t.JMeterThread: Thread started: LoadTest 1-323
2025-05-11 09:07:55,681 INFO o.a.j.t.JMeterThread: Thread started: LoadTest 1-324
2025-05-11 09:07:55,682 INFO o.a.j.t.JMeterThread: Thread started: LoadTest 1-325
2025-05-11 09:07:55,683 INFO o.a.j.t.JMeterThread: Thread started: LoadTest 1-326
2025-05-11 09:07:55,683 INFO o.a.j.t.JMeterThread: Thread started: LoadTest 1-327
2025-05-11 09:07:55,684 INFO o.a.j.t.JMeterThread: Thread started: LoadTest 1-328
2025-05-11 09:07:55,684 INFO o.a.j.t.JMeterThread: Thread started: LoadTest 1-329
2025-05-11 09:07:55,685 INFO o.a.j.t.JMeterThread: Thread started: LoadTest 1-330
2025-05-11 09:07:55,687 INFO o.a.j.t.JMeterThread: Thread started: LoadTest 1-331
2025-05-11 09:07:55,688 INFO o.a.j.t.JMeterThread: Thread started: LoadTest 1-332
2025-05-11 09:07:55,689 INFO o.a.j.t.JMeterThread: Thread started: LoadTest 1-334
2025-05-11 09:07:55,689 INFO o.a.j.t.JMeterThread: Thread started: LoadTest 1-333
2025-05-11 09:07:55,691 INFO o.a.j.t.JMeterThread: Thread started: LoadTest 1-335
2025-05-11 09:07:55,693 INFO o.a.j.t.JMeterThread: Thread started: LoadTest 1-336
2025-05-11 09:07:55,693 INFO o.a.j.t.JMeterThread: Thread started: LoadTest 1-339
2025-05-11 09:07:55,694 INFO o.a.j.t.JMeterThread: Thread started: LoadTest 1-337
2025-05-11 09:07:55,694 INFO o.a.j.t.JMeterThread: Thread started: LoadTest 1-338
2025-05-11 09:07:55,695 INFO o.a.j.t.JMeterThread: Thread started: LoadTest 1-340
2025-05-11 09:07:55,697 INFO o.a.j.t.JMeterThread: Thread started: LoadTest 1-341
2025-05-11 09:07:55,698 INFO o.a.j.t.JMeterThread: Thread started: LoadTest 1-342
2025-05-11 09:07:55,699 INFO o.a.j.t.JMeterThread: Thread started: LoadTest 1-343
2025-05-11 09:07:55,699 INFO o.a.j.t.JMeterThread: Thread started: LoadTest 1-344
2025-05-11 09:07:55,700 INFO o.a.j.t.JMeterThread: Thread started: LoadTest 1-345
2025-05-11 09:07:55,701 INFO o.a.j.t.JMeterThread: Thread started: LoadTest 1-346
2025-05-11 09:07:55,702 INFO o.a.j.t.JMeterThread: Thread started: LoadTest 1-347
2025-05-11 09:07:55,704 INFO o.a.j.t.JMeterThread: Thread started: LoadTest 1-348
2025-05-11 09:07:55,704 INFO o.a.j.t.JMeterThread: Thread started: LoadTest 1-349
2025-05-11 09:07:55,706 INFO o.a.j.t.JMeterThread: Thread started: LoadTest 1-350
2025-05-11 09:07:55,707 INFO o.a.j.t.JMeterThread: Thread started: LoadTest 1-352
2025-05-11 09:07:55,707 INFO o.a.j.t.JMeterThread: Thread started: LoadTest 1-351
2025-05-11 09:07:55,708 INFO o.a.j.t.JMeterThread: Thread started: LoadTest 1-353
2025-05-11 09:07:55,708 INFO o.a.j.t.JMeterThread: Thread started: LoadTest 1-354
2025-05-11 09:07:55,710 INFO o.a.j.t.JMeterThread: Thread started: LoadTest 1-356
2025-05-11 09:07:55,711 INFO o.a.j.t.JMeterThread: Thread started: LoadTest 1-355
2025-05-11 09:07:55,712 INFO o.a.j.t.JMeterThread: Thread started: LoadTest 1-357
2025-05-11 09:07:55,713 INFO o.a.j.t.JMeterThread: Thread started: LoadTest 1-358
2025-05-11 09:07:55,715 INFO o.a.j.t.JMeterThread: Thread started: LoadTest 1-359
2025-05-11 09:07:55,715 INFO o.a.j.t.JMeterThread: Thread started: LoadTest 1-360
2025-05-11 09:07:55,716 INFO o.a.j.t.JMeterThread: Thread started: LoadTest 1-361
2025-05-11 09:07:55,718 INFO o.a.j.t.JMeterThread: Thread started: LoadTest 1-362
2025-05-11 09:07:55,719 INFO o.a.j.t.JMeterThread: Thread started: LoadTest 1-363
2025-05-11 09:07:55,720 INFO o.a.j.t.JMeterThread: Thread started: LoadTest 1-364
2025-05-11 09:07:55,721 INFO o.a.j.t.JMeterThread: Thread started: LoadTest 1-365
2025-05-11 09:07:55,721 INFO o.a.j.t.JMeterThread: Thread started: LoadTest 1-366
2025-05-11 09:07:55,721 INFO o.a.j.t.JMeterThread: Thread started: LoadTest 1-367
2025-05-11 09:07:55,724 INFO o.a.j.t.JMeterThread: Thread started: LoadTest 1-368
2025-05-11 09:07:55,724 INFO o.a.j.t.JMeterThread: Thread started: LoadTest 1-369
2025-05-11 09:07:55,725 INFO o.a.j.t.JMeterThread: Thread started: LoadTest 1-370
2025-05-11 09:07:55,727 INFO o.a.j.t.JMeterThread: Thread started: LoadTest 1-371
2025-05-11 09:07:55,727 INFO o.a.j.t.JMeterThread: Thread started: LoadTest 1-372
2025-05-11 09:07:55,728 INFO o.a.j.t.JMeterThread: Thread started: LoadTest 1-373
2025-05-11 09:07:55,728 INFO o.a.j.t.JMeterThread: Thread started: LoadTest 1-374
2025-05-11 09:07:55,738 INFO o.a.j.t.JMeterThread: Thread started: LoadTest 1-377
2025-05-11 09:07:55,738 INFO o.a.j.t.JMeterThread: Thread started: LoadTest 1-380
2025-05-11 09:07:55,738 INFO o.a.j.t.JMeterThread: Thread started: LoadTest 1-376
2025-05-11 09:07:55,738 INFO o.a.j.t.JMeterThread: Thread started: LoadTest 1-381
2025-05-11 09:07:55,738 INFO o.a.j.t.JMeterThread: Thread started: LoadTest 1-379
2025-05-11 09:07:55,738 INFO o.a.j.t.JMeterThread: Thread started: LoadTest 1-375
2025-05-11 09:07:55,739 INFO o.a.j.t.JMeterThread: Thread started: LoadTest 1-378
2025-05-11 09:07:55,738 INFO o.a.j.t.JMeterThread: Thread started: LoadTest 1-383
2025-05-11 09:07:55,738 INFO o.a.j.t.JMeterThread: Thread started: LoadTest 1-382
2025-05-11 09:07:55,740 INFO o.a.j.t.JMeterThread: Thread started: LoadTest 1-385
2025-05-11 09:07:55,740 INFO o.a.j.t.JMeterThread: Thread started: LoadTest 1-384
2025-05-11 09:07:55,741 INFO o.a.j.t.JMeterThread: Thread started: LoadTest 1-387
2025-05-11 09:07:55,742 INFO o.a.j.t.JMeterThread: Thread started: LoadTest 1-386
2025-05-11 09:07:55,743 INFO o.a.j.t.JMeterThread: Thread started: LoadTest 1-388
2025-05-11 09:07:55,744 INFO o.a.j.t.JMeterThread: Thread started: LoadTest 1-389
2025-05-11 09:07:55,746 INFO o.a.j.t.JMeterThread: Thread started: LoadTest 1-390
2025-05-11 09:07:55,747 INFO o.a.j.t.JMeterThread: Thread started: LoadTest 1-391
2025-05-11 09:07:55,748 INFO o.a.j.t.JMeterThread: Thread started: LoadTest 1-392
2025-05-11 09:07:55,749 INFO o.a.j.t.JMeterThread: Thread started: LoadTest 1-393
2025-05-11 09:07:55,750 INFO o.a.j.t.JMeterThread: Thread started: LoadTest 1-395
2025-05-11 09:07:55,749 INFO o.a.j.t.JMeterThread: Thread started: LoadTest 1-394
2025-05-11 09:07:55,751 INFO o.a.j.t.JMeterThread: Thread started: LoadTest 1-396
2025-05-11 09:07:55,752 INFO o.a.j.t.JMeterThread: Thread started: LoadTest 1-397
2025-05-11 09:07:55,753 INFO o.a.j.t.JMeterThread: Thread started: LoadTest 1-398
2025-05-11 09:07:55,754 INFO o.a.j.t.JMeterThread: Thread started: LoadTest 1-399
2025-05-11 09:07:55,756 INFO o.a.j.t.JMeterThread: Thread started: LoadTest 1-400
2025-05-11 09:07:55,757 INFO o.a.j.t.JMeterThread: Thread started: LoadTest 1-401
2025-05-11 09:07:55,757 INFO o.a.j.t.JMeterThread: Thread started: LoadTest 1-402
2025-05-11 09:07:55,757 INFO o.a.j.t.JMeterThread: Thread started: LoadTest 1-403
2025-05-11 09:07:55,763 INFO o.a.j.t.JMeterThread: Thread started: LoadTest 1-407
2025-05-11 09:07:55,764 INFO o.a.j.t.JMeterThread: Thread started: LoadTest 1-408
2025-05-11 09:07:55,764 INFO o.a.j.t.JMeterThread: Thread started: LoadTest 1-409
2025-05-11 09:07:55,767 INFO o.a.j.t.JMeterThread: Thread started: LoadTest 1-411
2025-05-11 09:07:55,768 INFO o.a.j.t.JMeterThread: Thread started: LoadTest 1-410
2025-05-11 09:07:55,768 INFO o.a.j.t.JMeterThread: Thread started: LoadTest 1-404
2025-05-11 09:07:55,769 INFO o.a.j.t.JMeterThread: Thread started: LoadTest 1-412
2025-05-11 09:07:55,769 INFO o.a.j.t.JMeterThread: Thread started: LoadTest 1-413
2025-05-11 09:07:55,770 INFO o.a.j.t.JMeterThread: Thread started: LoadTest 1-414
2025-05-11 09:07:55,770 INFO o.a.j.t.JMeterThread: Thread started: LoadTest 1-405
2025-05-11 09:07:55,770 INFO o.a.j.t.JMeterThread: Thread started: LoadTest 1-415
2025-05-11 09:07:55,772 INFO o.a.j.t.JMeterThread: Thread started: LoadTest 1-417
2025-05-11 09:07:55,772 INFO o.a.j.t.JMeterThread: Thread started: LoadTest 1-416
2025-05-11 09:07:55,773 INFO o.a.j.t.JMeterThread: Thread started: LoadTest 1-406
2025-05-11 09:07:55,773 INFO o.a.j.t.JMeterThread: Thread started: LoadTest 1-418
2025-05-11 09:07:55,774 INFO o.a.j.t.JMeterThread: Thread started: LoadTest 1-419
2025-05-11 09:07:55,776 INFO o.a.j.t.JMeterThread: Thread started: LoadTest 1-421
2025-05-11 09:07:55,776 INFO o.a.j.t.JMeterThread: Thread started: LoadTest 1-420
2025-05-11 09:07:55,777 INFO o.a.j.t.JMeterThread: Thread started: LoadTest 1-422
2025-05-11 09:07:55,778 INFO o.a.j.t.JMeterThread: Thread started: LoadTest 1-423
2025-05-11 09:07:55,780 INFO o.a.j.t.JMeterThread: Thread started: LoadTest 1-424
2025-05-11 09:07:55,780 INFO o.a.j.t.JMeterThread: Thread started: LoadTest 1-425
2025-05-11 09:07:55,781 INFO o.a.j.t.JMeterThread: Thread started: LoadTest 1-426
2025-05-11 09:07:55,783 INFO o.a.j.t.JMeterThread: Thread started: LoadTest 1-427
2025-05-11 09:07:55,783 INFO o.a.j.t.JMeterThread: Thread started: LoadTest 1-428
2025-05-11 09:07:55,784 INFO o.a.j.t.JMeterThread: Thread started: LoadTest 1-429
2025-05-11 09:07:55,786 INFO o.a.j.t.JMeterThread: Thread started: LoadTest 1-430
2025-05-11 09:07:55,787 INFO o.a.j.t.JMeterThread: Thread started: LoadTest 1-432
2025-05-11 09:07:55,787 INFO o.a.j.t.JMeterThread: Thread started: LoadTest 1-431
2025-05-11 09:07:55,787 INFO o.a.j.t.JMeterThread: Thread started: LoadTest 1-433
2025-05-11 09:07:55,789 INFO o.a.j.t.JMeterThread: Thread started: LoadTest 1-434
2025-05-11 09:07:55,790 INFO o.a.j.t.JMeterThread: Thread started: LoadTest 1-435
2025-05-11 09:07:55,791 INFO o.a.j.t.JMeterThread: Thread started: LoadTest 1-436
2025-05-11 09:07:55,793 INFO o.a.j.t.JMeterThread: Thread started: LoadTest 1-437
2025-05-11 09:07:55,793 INFO o.a.j.t.JMeterThread: Thread started: LoadTest 1-438
2025-05-11 09:07:55,795 INFO o.a.j.t.JMeterThread: Thread started: LoadTest 1-439
2025-05-11 09:07:55,795 INFO o.a.j.t.JMeterThread: Thread started: LoadTest 1-440
2025-05-11 09:07:55,795 INFO o.a.j.t.JMeterThread: Thread started: LoadTest 1-441
2025-05-11 09:07:55,797 INFO o.a.j.t.JMeterThread: Thread started: LoadTest 1-442
2025-05-11 09:07:55,799 INFO o.a.j.t.JMeterThread: Thread started: LoadTest 1-443
2025-05-11 09:07:55,798 INFO o.a.j.t.JMeterThread: Thread started: LoadTest 1-444
2025-05-11 09:07:55,801 INFO o.a.j.t.JMeterThread: Thread started: LoadTest 1-446
2025-05-11 09:07:55,801 INFO o.a.j.t.JMeterThread: Thread started: LoadTest 1-445
2025-05-11 09:07:55,802 INFO o.a.j.t.JMeterThread: Thread started: LoadTest 1-447
2025-05-11 09:07:55,804 INFO o.a.j.t.JMeterThread: Thread started: LoadTest 1-448
2025-05-11 09:07:55,804 INFO o.a.j.t.JMeterThread: Thread started: LoadTest 1-450
2025-05-11 09:07:55,805 INFO o.a.j.t.JMeterThread: Thread started: LoadTest 1-449
2025-05-11 09:07:55,806 INFO o.a.j.t.JMeterThread: Thread started: LoadTest 1-451
2025-05-11 09:07:55,807 INFO o.a.j.t.JMeterThread: Thread started: LoadTest 1-452
2025-05-11 09:07:55,808 INFO o.a.j.t.JMeterThread: Thread started: LoadTest 1-453
2025-05-11 09:07:55,809 INFO o.a.j.t.JMeterThread: Thread started: LoadTest 1-454
2025-05-11 09:07:55,810 INFO o.a.j.t.JMeterThread: Thread started: LoadTest 1-455
2025-05-11 09:07:55,811 INFO o.a.j.t.JMeterThread: Thread started: LoadTest 1-456
2025-05-11 09:07:55,812 INFO o.a.j.t.JMeterThread: Thread started: LoadTest 1-457
2025-05-11 09:07:55,813 INFO o.a.j.t.JMeterThread: Thread started: LoadTest 1-458
2025-05-11 09:07:55,813 INFO o.a.j.t.JMeterThread: Thread started: LoadTest 1-459
2025-05-11 09:07:55,815 INFO o.a.j.t.JMeterThread: Thread started: LoadTest 1-460
2025-05-11 09:07:55,819 INFO o.a.j.t.JMeterThread: Thread started: LoadTest 1-462
2025-05-11 09:07:55,819 INFO o.a.j.t.JMeterThread: Thread started: LoadTest 1-463
2025-05-11 09:07:55,820 INFO o.a.j.t.JMeterThread: Thread started: LoadTest 1-461
2025-05-11 09:07:55,820 INFO o.a.j.t.JMeterThread: Thread started: LoadTest 1-465
2025-05-11 09:07:55,821 INFO o.a.j.t.JMeterThread: Thread started: LoadTest 1-464
2025-05-11 09:07:55,821 INFO o.a.j.t.JMeterThread: Thread started: LoadTest 1-466
2025-05-11 09:07:55,823 INFO o.a.j.t.JMeterThread: Thread started: LoadTest 1-467
2025-05-11 09:07:55,825 INFO o.a.j.t.JMeterThread: Thread started: LoadTest 1-469
2025-05-11 09:07:55,825 INFO o.a.j.t.JMeterThread: Thread started: LoadTest 1-470
2025-05-11 09:07:55,825 INFO o.a.j.t.JMeterThread: Thread started: LoadTest 1-468
2025-05-11 09:07:55,826 INFO o.a.j.t.JMeterThread: Thread started: LoadTest 1-471
2025-05-11 09:07:55,829 INFO o.a.j.t.JMeterThread: Thread started: LoadTest 1-472
2025-05-11 09:07:55,829 INFO o.a.j.t.JMeterThread: Thread started: LoadTest 1-473
2025-05-11 09:07:55,829 INFO o.a.j.t.JMeterThread: Thread started: LoadTest 1-474
2025-05-11 09:07:55,830 INFO o.a.j.t.JMeterThread: Thread started: LoadTest 1-475
2025-05-11 09:07:55,831 INFO o.a.j.t.JMeterThread: Thread started: LoadTest 1-476
2025-05-11 09:07:55,833 INFO o.a.j.t.JMeterThread: Thread started: LoadTest 1-477
2025-05-11 09:07:55,834 INFO o.a.j.t.JMeterThread: Thread started: LoadTest 1-478
2025-05-11 09:07:55,835 INFO o.a.j.t.JMeterThread: Thread started: LoadTest 1-479
2025-05-11 09:07:55,836 INFO o.a.j.t.JMeterThread: Thread started: LoadTest 1-480
2025-05-11 09:07:55,836 INFO o.a.j.t.JMeterThread: Thread started: LoadTest 1-481
2025-05-11 09:07:55,838 INFO o.a.j.t.JMeterThread: Thread started: LoadTest 1-483
2025-05-11 09:07:55,839 INFO o.a.j.t.JMeterThread: Thread started: LoadTest 1-482
2025-05-11 09:07:55,839 INFO o.a.j.t.JMeterThread: Thread started: LoadTest 1-485
2025-05-11 09:07:55,839 INFO o.a.j.t.JMeterThread: Thread started: LoadTest 1-484
2025-05-11 09:07:55,841 INFO o.a.j.t.JMeterThread: Thread started: LoadTest 1-486
2025-05-11 09:07:55,842 INFO o.a.j.t.JMeterThread: Thread started: LoadTest 1-487
2025-05-11 09:07:55,844 INFO o.a.j.t.JMeterThread: Thread started: LoadTest 1-488
2025-05-11 09:07:55,844 INFO o.a.j.t.JMeterThread: Thread started: LoadTest 1-489
2025-05-11 09:07:55,845 INFO o.a.j.t.JMeterThread: Thread started: LoadTest 1-491
2025-05-11 09:07:55,847 INFO o.a.j.t.JMeterThread: Thread started: LoadTest 1-490
2025-05-11 09:07:55,847 INFO o.a.j.t.JMeterThread: Thread started: LoadTest 1-492
2025-05-11 09:07:55,849 INFO o.a.j.t.JMeterThread: Thread started: LoadTest 1-493
2025-05-11 09:07:55,849 INFO o.a.j.t.JMeterThread: Thread started: LoadTest 1-494
2025-05-11 09:07:55,850 INFO o.a.j.t.JMeterThread: Thread started: LoadTest 1-495
2025-05-11 09:07:55,851 INFO o.a.j.t.JMeterThread: Thread started: LoadTest 1-496
2025-05-11 09:07:55,852 INFO o.a.j.t.JMeterThread: Thread started: LoadTest 1-497
2025-05-11 09:07:55,853 INFO o.a.j.t.JMeterThread: Thread started: LoadTest 1-498
2025-05-11 09:07:55,854 INFO o.a.j.t.JMeterThread: Thread started: LoadTest 1-499
2025-05-11 09:07:55,855 INFO o.a.j.t.JMeterThread: Thread started: LoadTest 1-501
2025-05-11 09:07:55,856 INFO o.a.j.t.JMeterThread: Thread started: LoadTest 1-500
2025-05-11 09:07:55,857 INFO o.a.j.t.JMeterThread: Thread started: LoadTest 1-502
2025-05-11 09:07:55,858 INFO o.a.j.t.JMeterThread: Thread started: LoadTest 1-503
2025-05-11 09:07:55,860 INFO o.a.j.t.JMeterThread: Thread started: LoadTest 1-504
2025-05-11 09:07:55,861 INFO o.a.j.t.JMeterThread: Thread started: LoadTest 1-505
2025-05-11 09:07:55,861 INFO o.a.j.t.JMeterThread: Thread started: LoadTest 1-506
2025-05-11 09:07:55,862 INFO o.a.j.t.JMeterThread: Thread started: LoadTest 1-507
2025-05-11 09:07:55,864 INFO o.a.j.t.JMeterThread: Thread started: LoadTest 1-508
2025-05-11 09:07:55,864 INFO o.a.j.t.JMeterThread: Thread started: LoadTest 1-509
2025-05-11 09:07:55,865 INFO o.a.j.t.JMeterThread: Thread started: LoadTest 1-510
2025-05-11 09:07:55,867 INFO o.a.j.t.JMeterThread: Thread started: LoadTest 1-511
2025-05-11 09:07:55,869 INFO o.a.j.t.JMeterThread: Thread started: LoadTest 1-512
2025-05-11 09:07:55,870 INFO o.a.j.t.JMeterThread: Thread started: LoadTest 1-514
2025-05-11 09:07:55,871 INFO o.a.j.t.JMeterThread: Thread started: LoadTest 1-516
2025-05-11 09:07:55,871 INFO o.a.j.t.JMeterThread: Thread started: LoadTest 1-515
2025-05-11 09:07:55,872 INFO o.a.j.t.JMeterThread: Thread started: LoadTest 1-517
2025-05-11 09:07:55,871 INFO o.a.j.t.JMeterThread: Thread started: LoadTest 1-513
2025-05-11 09:07:55,873 INFO o.a.j.t.JMeterThread: Thread started: LoadTest 1-518
2025-05-11 09:07:55,873 INFO o.a.j.t.JMeterThread: Thread started: LoadTest 1-519
2025-05-11 09:07:55,875 INFO o.a.j.t.JMeterThread: Thread started: LoadTest 1-520
2025-05-11 09:07:55,876 INFO o.a.j.t.JMeterThread: Thread started: LoadTest 1-521
2025-05-11 09:07:55,877 INFO o.a.j.t.JMeterThread: Thread started: LoadTest 1-522
2025-05-11 09:07:55,878 INFO o.a.j.t.JMeterThread: Thread started: LoadTest 1-523
2025-05-11 09:07:55,879 INFO o.a.j.t.JMeterThread: Thread started: LoadTest 1-524
2025-05-11 09:07:55,881 INFO o.a.j.t.JMeterThread: Thread started: LoadTest 1-525
2025-05-11 09:07:55,882 INFO o.a.j.t.JMeterThread: Thread started: LoadTest 1-527
2025-05-11 09:07:55,882 INFO o.a.j.t.JMeterThread: Thread started: LoadTest 1-526
2025-05-11 09:07:55,883 INFO o.a.j.t.JMeterThread: Thread started: LoadTest 1-529
2025-05-11 09:07:55,884 INFO o.a.j.t.JMeterThread: Thread started: LoadTest 1-528
2025-05-11 09:07:55,886 INFO o.a.j.t.JMeterThread: Thread started: LoadTest 1-531
2025-05-11 09:07:55,886 INFO o.a.j.t.JMeterThread: Thread started: LoadTest 1-530
2025-05-11 09:07:55,888 INFO o.a.j.t.JMeterThread: Thread started: LoadTest 1-532
2025-05-11 09:07:55,888 INFO o.a.j.t.JMeterThread: Thread started: LoadTest 1-533
2025-05-11 09:07:55,889 INFO o.a.j.t.JMeterThread: Thread started: LoadTest 1-534
2025-05-11 09:07:55,890 INFO o.a.j.t.JMeterThread: Thread started: LoadTest 1-535
2025-05-11 09:07:55,891 INFO o.a.j.t.JMeterThread: Thread started: LoadTest 1-536
2025-05-11 09:07:55,892 INFO o.a.j.t.JMeterThread: Thread started: LoadTest 1-537
2025-05-11 09:07:55,893 INFO o.a.j.t.JMeterThread: Thread started: LoadTest 1-538
2025-05-11 09:07:55,894 INFO o.a.j.t.JMeterThread: Thread started: LoadTest 1-539
2025-05-11 09:07:55,894 INFO o.a.j.t.JMeterThread: Thread started: LoadTest 1-540
2025-05-11 09:07:55,896 INFO o.a.j.t.JMeterThread: Thread started: LoadTest 1-541
2025-05-11 09:07:55,897 INFO o.a.j.t.JMeterThread: Thread started: LoadTest 1-542
2025-05-11 09:07:55,899 INFO o.a.j.t.JMeterThread: Thread started: LoadTest 1-543
2025-05-11 09:07:55,899 INFO o.a.j.t.JMeterThread: Thread started: LoadTest 1-544
2025-05-11 09:07:55,908 INFO o.a.j.t.JMeterThread: Thread started: LoadTest 1-551
2025-05-11 09:07:55,908 INFO o.a.j.t.JMeterThread: Thread started: LoadTest 1-547
2025-05-11 09:07:55,908 INFO o.a.j.t.JMeterThread: Thread started: LoadTest 1-552
2025-05-11 09:07:55,909 INFO o.a.j.t.JMeterThread: Thread started: LoadTest 1-545
2025-05-11 09:07:55,909 INFO o.a.j.t.JMeterThread: Thread started: LoadTest 1-550
2025-05-11 09:07:55,909 INFO o.a.j.t.JMeterThread: Thread started: LoadTest 1-553
2025-05-11 09:07:55,909 INFO o.a.j.t.JMeterThread: Thread started: LoadTest 1-548
2025-05-11 09:07:55,909 INFO o.a.j.t.JMeterThread: Thread started: LoadTest 1-546
2025-05-11 09:07:55,909 INFO o.a.j.t.JMeterThread: Thread started: LoadTest 1-549
2025-05-11 09:07:55,909 INFO o.a.j.t.JMeterThread: Thread started: LoadTest 1-554
2025-05-11 09:07:55,910 INFO o.a.j.t.JMeterThread: Thread started: LoadTest 1-555
2025-05-11 09:07:55,911 INFO o.a.j.t.JMeterThread: Thread started: LoadTest 1-556
2025-05-11 09:07:55,912 INFO o.a.j.t.JMeterThread: Thread started: LoadTest 1-557
2025-05-11 09:07:55,913 INFO o.a.j.t.JMeterThread: Thread started: LoadTest 1-558
2025-05-11 09:07:55,914 INFO o.a.j.t.JMeterThread: Thread started: LoadTest 1-559
2025-05-11 09:07:55,916 INFO o.a.j.t.JMeterThread: Thread started: LoadTest 1-560
2025-05-11 09:07:55,916 INFO o.a.j.t.JMeterThread: Thread started: LoadTest 1-561
2025-05-11 09:07:55,919 INFO o.a.j.t.JMeterThread: Thread started: LoadTest 1-562
2025-05-11 09:07:55,919 INFO o.a.j.t.JMeterThread: Thread started: LoadTest 1-563
2025-05-11 09:07:55,919 INFO o.a.j.t.JMeterThread: Thread started: LoadTest 1-564
2025-05-11 09:07:55,920 INFO o.a.j.t.JMeterThread: Thread started: LoadTest 1-565
2025-05-11 09:07:55,921 INFO o.a.j.t.JMeterThread: Thread started: LoadTest 1-566
2025-05-11 09:07:55,922 INFO o.a.j.t.JMeterThread: Thread started: LoadTest 1-567
2025-05-11 09:07:55,923 INFO o.a.j.t.JMeterThread: Thread started: LoadTest 1-568
2025-05-11 09:07:55,923 INFO o.a.j.t.JMeterThread: Thread started: LoadTest 1-569
2025-05-11 09:07:55,925 INFO o.a.j.t.JMeterThread: Thread started: LoadTest 1-570
2025-05-11 09:07:55,926 INFO o.a.j.t.JMeterThread: Thread started: LoadTest 1-571
2025-05-11 09:07:55,926 INFO o.a.j.t.JMeterThread: Thread started: LoadTest 1-572
2025-05-11 09:07:55,928 INFO o.a.j.t.JMeterThread: Thread started: LoadTest 1-573
2025-05-11 09:07:55,930 INFO o.a.j.t.JMeterThread: Thread started: LoadTest 1-574
2025-05-11 09:07:55,930 INFO o.a.j.t.JMeterThread: Thread started: LoadTest 1-575
2025-05-11 09:07:55,931 INFO o.a.j.t.JMeterThread: Thread started: LoadTest 1-576
2025-05-11 09:07:55,932 INFO o.a.j.t.JMeterThread: Thread started: LoadTest 1-577
2025-05-11 09:07:55,933 INFO o.a.j.t.JMeterThread: Thread started: LoadTest 1-578
2025-05-11 09:07:55,934 INFO o.a.j.t.JMeterThread: Thread started: LoadTest 1-579
2025-05-11 09:07:55,935 INFO o.a.j.t.JMeterThread: Thread started: LoadTest 1-580
2025-05-11 09:07:55,937 INFO o.a.j.t.JMeterThread: Thread started: LoadTest 1-582
2025-05-11 09:07:55,937 INFO o.a.j.t.JMeterThread: Thread started: LoadTest 1-581
2025-05-11 09:07:55,939 INFO o.a.j.t.JMeterThread: Thread started: LoadTest 1-583
2025-05-11 09:07:55,939 INFO o.a.j.t.JMeterThread: Thread started: LoadTest 1-584
2025-05-11 09:07:55,941 INFO o.a.j.t.JMeterThread: Thread started: LoadTest 1-585
2025-05-11 09:07:55,942 INFO o.a.j.t.JMeterThread: Thread started: LoadTest 1-586
2025-05-11 09:07:55,942 INFO o.a.j.t.JMeterThread: Thread started: LoadTest 1-587
2025-05-11 09:07:55,943 INFO o.a.j.t.JMeterThread: Thread started: LoadTest 1-589
2025-05-11 09:07:55,944 INFO o.a.j.t.JMeterThread: Thread started: LoadTest 1-588
2025-05-11 09:07:55,946 INFO o.a.j.t.JMeterThread: Thread started: LoadTest 1-591
2025-05-11 09:07:55,946 INFO o.a.j.t.JMeterThread: Thread started: LoadTest 1-590
2025-05-11 09:07:55,947 INFO o.a.j.t.JMeterThread: Thread started: LoadTest 1-592
2025-05-11 09:07:55,949 INFO o.a.j.t.JMeterThread: Thread started: LoadTest 1-594
2025-05-11 09:07:55,949 INFO o.a.j.t.JMeterThread: Thread started: LoadTest 1-593
2025-05-11 09:07:55,950 INFO o.a.j.t.JMeterThread: Thread started: LoadTest 1-595
2025-05-11 09:07:55,951 INFO o.a.j.t.JMeterThread: Thread started: LoadTest 1-596
2025-05-11 09:07:55,951 INFO o.a.j.t.JMeterThread: Thread started: LoadTest 1-597
2025-05-11 09:07:55,953 INFO o.a.j.t.JMeterThread: Thread started: LoadTest 1-598
2025-05-11 09:07:55,954 INFO o.a.j.t.JMeterThread: Thread started: LoadTest 1-599
2025-05-11 09:07:55,955 INFO o.a.j.t.JMeterThread: Thread started: LoadTest 1-600
2025-05-11 09:07:55,955 INFO o.a.j.t.JMeterThread: Thread started: LoadTest 1-601
2025-05-11 09:07:55,957 INFO o.a.j.t.JMeterThread: Thread started: LoadTest 1-602
2025-05-11 09:07:55,958 INFO o.a.j.t.JMeterThread: Thread started: LoadTest 1-603
2025-05-11 09:07:55,958 INFO o.a.j.t.JMeterThread: Thread started: LoadTest 1-604
2025-05-11 09:07:55,960 INFO o.a.j.t.JMeterThread: Thread started: LoadTest 1-605
2025-05-11 09:07:55,961 INFO o.a.j.t.JMeterThread: Thread started: LoadTest 1-606
2025-05-11 09:07:55,963 INFO o.a.j.t.JMeterThread: Thread started: LoadTest 1-607
2025-05-11 09:07:55,963 INFO o.a.j.t.JMeterThread: Thread started: LoadTest 1-608
2025-05-11 09:07:55,964 INFO o.a.j.t.JMeterThread: Thread started: LoadTest 1-609
2025-05-11 09:07:55,965 INFO o.a.j.t.JMeterThread: Thread started: LoadTest 1-610
2025-05-11 09:07:55,966 INFO o.a.j.t.JMeterThread: Thread started: LoadTest 1-611
2025-05-11 09:07:55,967 INFO o.a.j.t.JMeterThread: Thread started: LoadTest 1-612
2025-05-11 09:07:55,968 INFO o.a.j.t.JMeterThread: Thread started: LoadTest 1-613
2025-05-11 09:07:55,972 INFO o.a.j.t.JMeterThread: Thread started: LoadTest 1-614
2025-05-11 09:07:55,972 INFO o.a.j.t.JMeterThread: Thread started: LoadTest 1-615
2025-05-11 09:07:55,972 INFO o.a.j.t.JMeterThread: Thread started: LoadTest 1-616
2025-05-11 09:07:55,973 INFO o.a.j.t.JMeterThread: Thread started: LoadTest 1-617
2025-05-11 09:07:55,975 INFO o.a.j.t.JMeterThread: Thread started: LoadTest 1-618
2025-05-11 09:07:55,976 INFO o.a.j.t.JMeterThread: Thread started: LoadTest 1-619
2025-05-11 09:07:55,977 INFO o.a.j.t.JMeterThread: Thread started: LoadTest 1-620
2025-05-11 09:07:55,980 INFO o.a.j.t.JMeterThread: Thread started: LoadTest 1-625
2025-05-11 09:07:55,980 INFO o.a.j.t.JMeterThread: Thread started: LoadTest 1-621
2025-05-11 09:07:55,980 INFO o.a.j.t.JMeterThread: Thread started: LoadTest 1-622
2025-05-11 09:07:55,980 INFO o.a.j.t.JMeterThread: Thread started: LoadTest 1-623
2025-05-11 09:07:55,981 INFO o.a.j.t.JMeterThread: Thread started: LoadTest 1-624
2025-05-11 09:07:55,982 INFO o.a.j.t.JMeterThread: Thread started: LoadTest 1-626
2025-05-11 09:07:55,982 INFO o.a.j.t.JMeterThread: Thread started: LoadTest 1-627
2025-05-11 09:07:55,985 INFO o.a.j.t.JMeterThread: Thread started: LoadTest 1-628
2025-05-11 09:07:55,985 INFO o.a.j.t.JMeterThread: Thread started: LoadTest 1-629
2025-05-11 09:07:55,986 INFO o.a.j.t.JMeterThread: Thread started: LoadTest 1-631
2025-05-11 09:07:55,986 INFO o.a.j.t.JMeterThread: Thread started: LoadTest 1-630
2025-05-11 09:07:55,987 INFO o.a.j.t.JMeterThread: Thread started: LoadTest 1-632
2025-05-11 09:07:55,988 INFO o.a.j.t.JMeterThread: Thread started: LoadTest 1-633
2025-05-11 09:07:55,989 INFO o.a.j.t.JMeterThread: Thread started: LoadTest 1-634
2025-05-11 09:07:55,989 INFO o.a.j.t.JMeterThread: Thread started: LoadTest 1-635
2025-05-11 09:07:55,990 INFO o.a.j.t.JMeterThread: Thread started: LoadTest 1-636
2025-05-11 09:07:55,993 INFO o.a.j.t.JMeterThread: Thread started: LoadTest 1-637
2025-05-11 09:07:55,993 INFO o.a.j.t.JMeterThread: Thread started: LoadTest 1-638
2025-05-11 09:07:55,994 INFO o.a.j.t.JMeterThread: Thread started: LoadTest 1-639
2025-05-11 09:07:55,996 INFO o.a.j.t.JMeterThread: Thread started: LoadTest 1-641
2025-05-11 09:07:55,996 INFO o.a.j.t.JMeterThread: Thread started: LoadTest 1-640
2025-05-11 09:07:55,997 INFO o.a.j.t.JMeterThread: Thread started: LoadTest 1-642
2025-05-11 09:07:55,998 INFO o.a.j.t.JMeterThread: Thread started: LoadTest 1-643
2025-05-11 09:07:55,999 INFO o.a.j.t.JMeterThread: Thread started: LoadTest 1-644
2025-05-11 09:07:56,001 INFO o.a.j.t.JMeterThread: Thread started: LoadTest 1-645
2025-05-11 09:07:56,001 INFO o.a.j.t.JMeterThread: Thread started: LoadTest 1-646
2025-05-11 09:07:56,002 INFO o.a.j.t.JMeterThread: Thread started: LoadTest 1-647
2025-05-11 09:07:56,003 INFO o.a.j.t.JMeterThread: Thread started: LoadTest 1-648
2025-05-11 09:07:56,004 INFO o.a.j.t.JMeterThread: Thread started: LoadTest 1-649
2025-05-11 09:07:56,005 INFO o.a.j.t.JMeterThread: Thread started: LoadTest 1-650
2025-05-11 09:07:56,006 INFO o.a.j.t.ThreadGroup: Started thread group number 1
2025-05-11 09:07:56,006 INFO o.a.j.e.StandardJMeterEngine: All thread groups have been started
2025-05-11 09:07:56,006 INFO o.a.j.t.JMeterThread: Thread started: LoadTest 1-651
2025-05-11 09:07:56,008 INFO o.a.j.t.JMeterThread: Thread started: LoadTest 1-652
2025-05-11 09:07:56,009 INFO o.a.j.t.JMeterThread: Thread started: LoadTest 1-653
2025-05-11 09:07:56,010 INFO o.a.j.t.JMeterThread: Thread started: LoadTest 1-654
2025-05-11 09:07:56,013 INFO o.a.j.t.JMeterThread: Thread started: LoadTest 1-657
2025-05-11 09:07:56,013 INFO o.a.j.t.JMeterThread: Thread started: LoadTest 1-655
2025-05-11 09:07:56,013 INFO o.a.j.t.JMeterThread: Thread started: LoadTest 1-658
2025-05-11 09:07:56,013 INFO o.a.j.t.JMeterThread: Thread started: LoadTest 1-656
2025-05-11 09:07:56,015 INFO o.a.j.t.JMeterThread: Thread started: LoadTest 1-659
2025-05-11 09:07:56,015 INFO o.a.j.t.JMeterThread: Thread started: LoadTest 1-660
2025-05-11 09:07:56,016 INFO o.a.j.t.JMeterThread: Thread started: LoadTest 1-661
2025-05-11 09:07:56,017 INFO o.a.j.t.JMeterThread: Thread started: LoadTest 1-663
2025-05-11 09:07:56,018 INFO o.a.j.t.JMeterThread: Thread started: LoadTest 1-662
2025-05-11 09:07:56,019 INFO o.a.j.t.JMeterThread: Thread started: LoadTest 1-664
2025-05-11 09:07:56,021 INFO o.a.j.t.JMeterThread: Thread started: LoadTest 1-665
2025-05-11 09:07:56,021 INFO o.a.j.t.JMeterThread: Thread started: LoadTest 1-666
2025-05-11 09:07:56,022 INFO o.a.j.t.JMeterThread: Thread started: LoadTest 1-667
2025-05-11 09:07:56,023 INFO o.a.j.t.JMeterThread: Thread started: LoadTest 1-668
2025-05-11 09:07:56,024 INFO o.a.j.t.JMeterThread: Thread started: LoadTest 1-669
2025-05-11 09:07:56,026 INFO o.a.j.t.JMeterThread: Thread started: LoadTest 1-670
2025-05-11 09:07:56,026 INFO o.a.j.t.JMeterThread: Thread started: LoadTest 1-671
2025-05-11 09:07:56,026 INFO o.a.j.t.JMeterThread: Thread started: LoadTest 1-672
2025-05-11 09:07:56,028 INFO o.a.j.t.JMeterThread: Thread started: LoadTest 1-673
2025-05-11 09:07:56,029 INFO o.a.j.t.JMeterThread: Thread started: LoadTest 1-674
2025-05-11 09:07:56,031 INFO o.a.j.t.JMeterThread: Thread started: LoadTest 1-675
2025-05-11 09:07:56,031 INFO o.a.j.t.JMeterThread: Thread started: LoadTest 1-676
2025-05-11 09:07:56,032 INFO o.a.j.t.JMeterThread: Thread started: LoadTest 1-677
2025-05-11 09:07:56,033 INFO o.a.j.t.JMeterThread: Thread started: LoadTest 1-678
2025-05-11 09:07:56,034 INFO o.a.j.t.JMeterThread: Thread started: LoadTest 1-679
2025-05-11 09:07:56,034 INFO o.a.j.t.JMeterThread: Thread started: LoadTest 1-680
2025-05-11 09:07:56,036 INFO o.a.j.t.JMeterThread: Thread started: LoadTest 1-681
2025-05-11 09:07:56,038 INFO o.a.j.t.JMeterThread: Thread started: LoadTest 1-682
2025-05-11 09:07:56,038 INFO o.a.j.t.JMeterThread: Thread started: LoadTest 1-683
2025-05-11 09:07:56,038 INFO o.a.j.t.JMeterThread: Thread started: LoadTest 1-684
2025-05-11 09:07:56,041 INFO o.a.j.t.JMeterThread: Thread started: LoadTest 1-686
2025-05-11 09:07:56,041 INFO o.a.j.t.JMeterThread: Thread started: LoadTest 1-687
2025-05-11 09:07:56,041 INFO o.a.j.t.JMeterThread: Thread started: LoadTest 1-685
2025-05-11 09:07:56,043 INFO o.a.j.t.JMeterThread: Thread started: LoadTest 1-688
2025-05-11 09:07:56,044 INFO o.a.j.t.JMeterThread: Thread started: LoadTest 1-689
2025-05-11 09:07:56,044 INFO o.a.j.t.JMeterThread: Thread started: LoadTest 1-690
2025-05-11 09:07:56,046 INFO o.a.j.t.JMeterThread: Thread started: LoadTest 1-691
2025-05-11 09:07:56,047 INFO o.a.j.t.JMeterThread: Thread started: LoadTest 1-692
2025-05-11 09:07:56,049 INFO o.a.j.t.JMeterThread: Thread started: LoadTest 1-693
2025-05-11 09:07:56,049 INFO o.a.j.t.JMeterThread: Thread started: LoadTest 1-694
2025-05-11 09:07:56,050 INFO o.a.j.t.JMeterThread: Thread started: LoadTest 1-695
2025-05-11 09:07:56,051 INFO o.a.j.t.JMeterThread: Thread started: LoadTest 1-696
2025-05-11 09:07:56,052 INFO o.a.j.t.JMeterThread: Thread started: LoadTest 1-697
2025-05-11 09:07:56,053 INFO o.a.j.t.JMeterThread: Thread started: LoadTest 1-698
2025-05-11 09:07:56,054 INFO o.a.j.t.JMeterThread: Thread started: LoadTest 1-699
2025-05-11 09:07:56,055 INFO o.a.j.t.JMeterThread: Thread started: LoadTest 1-700
2025-05-11 09:07:56,056 INFO o.a.j.t.JMeterThread: Thread started: LoadTest 1-701
2025-05-11 09:07:56,057 INFO o.a.j.t.JMeterThread: Thread started: LoadTest 1-702
2025-05-11 09:07:56,058 INFO o.a.j.t.JMeterThread: Thread started: LoadTest 1-703
2025-05-11 09:07:56,058 INFO o.a.j.t.JMeterThread: Thread started: LoadTest 1-704
2025-05-11 09:07:56,059 INFO o.a.j.t.JMeterThread: Thread started: LoadTest 1-705
2025-05-11 09:07:56,061 INFO o.a.j.t.JMeterThread: Thread started: LoadTest 1-706
2025-05-11 09:07:56,062 INFO o.a.j.t.JMeterThread: Thread started: LoadTest 1-707
2025-05-11 09:07:56,063 INFO o.a.j.t.JMeterThread: Thread started: LoadTest 1-708
2025-05-11 09:07:56,064 INFO o.a.j.t.JMeterThread: Thread started: LoadTest 1-709
2025-05-11 09:07:56,064 INFO o.a.j.t.JMeterThread: Thread started: LoadTest 1-710
2025-05-11 09:07:56,066 INFO o.a.j.t.JMeterThread: Thread started: LoadTest 1-711
2025-05-11 09:07:56,067 INFO o.a.j.t.JMeterThread: Thread started: LoadTest 1-712
2025-05-11 09:07:56,068 INFO o.a.j.t.JMeterThread: Thread started: LoadTest 1-713
2025-05-11 09:07:56,069 INFO o.a.j.t.JMeterThread: Thread started: LoadTest 1-714
2025-05-11 09:07:56,070 INFO o.a.j.t.JMeterThread: Thread started: LoadTest 1-715
2025-05-11 09:07:56,071 INFO o.a.j.t.JMeterThread: Thread started: LoadTest 1-716
2025-05-11 09:07:56,075 INFO o.a.j.t.JMeterThread: Thread started: LoadTest 1-720
2025-05-11 09:07:56,075 INFO o.a.j.t.JMeterThread: Thread started: LoadTest 1-719
2025-05-11 09:07:56,076 INFO o.a.j.t.JMeterThread: Thread started: LoadTest 1-721
2025-05-11 09:07:56,078 INFO o.a.j.t.JMeterThread: Thread started: LoadTest 1-722
2025-05-11 09:07:56,078 INFO o.a.j.t.JMeterThread: Thread started: LoadTest 1-723
2025-05-11 09:07:56,079 INFO o.a.j.t.JMeterThread: Thread started: LoadTest 1-724
2025-05-11 09:07:56,080 INFO o.a.j.t.JMeterThread: Thread started: LoadTest 1-726
2025-05-11 09:07:56,081 INFO o.a.j.t.JMeterThread: Thread started: LoadTest 1-725
2025-05-11 09:07:56,082 INFO o.a.j.t.JMeterThread: Thread started: LoadTest 1-727
2025-05-11 09:07:56,082 INFO o.a.j.t.JMeterThread: Thread started: LoadTest 1-717
2025-05-11 09:07:56,082 INFO o.a.j.t.JMeterThread: Thread started: LoadTest 1-718
2025-05-11 09:07:56,083 INFO o.a.j.t.JMeterThread: Thread started: LoadTest 1-728
2025-05-11 09:07:56,084 INFO o.a.j.t.JMeterThread: Thread started: LoadTest 1-729
2025-05-11 09:07:56,086 INFO o.a.j.t.JMeterThread: Thread started: LoadTest 1-730
2025-05-11 09:07:56,088 INFO o.a.j.t.JMeterThread: Thread started: LoadTest 1-731
2025-05-11 09:07:56,088 INFO o.a.j.t.JMeterThread: Thread started: LoadTest 1-734
2025-05-11 09:07:56,088 INFO o.a.j.t.JMeterThread: Thread started: LoadTest 1-732
2025-05-11 09:07:56,089 INFO o.a.j.t.JMeterThread: Thread started: LoadTest 1-735
2025-05-11 09:07:56,090 INFO o.a.j.t.JMeterThread: Thread started: LoadTest 1-733
2025-05-11 09:07:56,091 INFO o.a.j.t.JMeterThread: Thread started: LoadTest 1-736
2025-05-11 09:07:56,092 INFO o.a.j.t.JMeterThread: Thread started: LoadTest 1-738
2025-05-11 09:07:56,095 INFO o.a.j.t.JMeterThread: Thread started: LoadTest 1-737
2025-05-11 09:07:56,096 INFO o.a.j.t.JMeterThread: Thread started: LoadTest 1-741
2025-05-11 09:07:56,096 INFO o.a.j.t.JMeterThread: Thread started: LoadTest 1-739
2025-05-11 09:07:56,098 INFO o.a.j.t.JMeterThread: Thread started: LoadTest 1-740
2025-05-11 09:07:56,098 INFO o.a.j.t.JMeterThread: Thread started: LoadTest 1-743
2025-05-11 09:07:56,099 INFO o.a.j.t.JMeterThread: Thread started: LoadTest 1-742
2025-05-11 09:07:56,099 INFO o.a.j.t.JMeterThread: Thread started: LoadTest 1-744
2025-05-11 09:07:56,102 INFO o.a.j.t.JMeterThread: Thread started: LoadTest 1-746
2025-05-11 09:07:56,102 INFO o.a.j.t.JMeterThread: Thread started: LoadTest 1-745
2025-05-11 09:07:56,103 INFO o.a.j.t.JMeterThread: Thread started: LoadTest 1-747
2025-05-11 09:07:56,103 INFO o.a.j.t.JMeterThread: Thread started: LoadTest 1-749
2025-05-11 09:07:56,104 INFO o.a.j.t.JMeterThread: Thread started: LoadTest 1-748
2025-05-11 09:07:56,105 INFO o.a.j.t.JMeterThread: Thread started: LoadTest 1-750
2025-05-11 09:07:56,105 INFO o.a.j.t.JMeterThread: Thread started: LoadTest 1-751
2025-05-11 09:07:56,106 INFO o.a.j.t.JMeterThread: Thread started: LoadTest 1-752
2025-05-11 09:07:56,108 INFO o.a.j.t.JMeterThread: Thread started: LoadTest 1-753
2025-05-11 09:07:56,109 INFO o.a.j.t.JMeterThread: Thread started: LoadTest 1-754
2025-05-11 09:07:56,110 INFO o.a.j.t.JMeterThread: Thread started: LoadTest 1-755
2025-05-11 09:07:56,110 INFO o.a.j.t.JMeterThread: Thread started: LoadTest 1-756
2025-05-11 09:07:56,112 INFO o.a.j.t.JMeterThread: Thread started: LoadTest 1-757
2025-05-11 09:07:56,113 INFO o.a.j.t.JMeterThread: Thread started: LoadTest 1-758
2025-05-11 09:07:56,114 INFO o.a.j.t.JMeterThread: Thread started: LoadTest 1-759
2025-05-11 09:07:56,114 INFO o.a.j.t.JMeterThread: Thread started: LoadTest 1-760
2025-05-11 09:07:56,115 INFO o.a.j.t.JMeterThread: Thread started: LoadTest 1-761
2025-05-11 09:07:56,117 INFO o.a.j.t.JMeterThread: Thread started: LoadTest 1-763
2025-05-11 09:07:56,117 INFO o.a.j.t.JMeterThread: Thread started: LoadTest 1-762
2025-05-11 09:07:56,119 INFO o.a.j.t.JMeterThread: Thread started: LoadTest 1-764
2025-05-11 09:07:56,120 INFO o.a.j.t.JMeterThread: Thread started: LoadTest 1-765
2025-05-11 09:07:56,121 INFO o.a.j.t.JMeterThread: Thread started: LoadTest 1-766
2025-05-11 09:07:56,122 INFO o.a.j.t.JMeterThread: Thread started: LoadTest 1-767
2025-05-11 09:07:56,124 INFO o.a.j.t.JMeterThread: Thread started: LoadTest 1-769
2025-05-11 09:07:56,124 INFO o.a.j.t.JMeterThread: Thread started: LoadTest 1-768
2025-05-11 09:07:56,125 INFO o.a.j.t.JMeterThread: Thread started: LoadTest 1-770
2025-05-11 09:07:56,127 INFO o.a.j.t.JMeterThread: Thread started: LoadTest 1-772
2025-05-11 09:07:56,127 INFO o.a.j.t.JMeterThread: Thread started: LoadTest 1-771
2025-05-11 09:07:56,128 INFO o.a.j.t.JMeterThread: Thread started: LoadTest 1-774
2025-05-11 09:07:56,129 INFO o.a.j.t.JMeterThread: Thread started: LoadTest 1-773
2025-05-11 09:07:56,130 INFO o.a.j.t.JMeterThread: Thread started: LoadTest 1-775
2025-05-11 09:07:56,131 INFO o.a.j.t.JMeterThread: Thread started: LoadTest 1-776
2025-05-11 09:07:56,133 INFO o.a.j.t.JMeterThread: Thread started: LoadTest 1-777
2025-05-11 09:07:56,133 INFO o.a.j.t.JMeterThread: Thread started: LoadTest 1-778
2025-05-11 09:07:56,134 INFO o.a.j.t.JMeterThread: Thread started: LoadTest 1-779
2025-05-11 09:07:56,136 INFO o.a.j.t.JMeterThread: Thread started: LoadTest 1-780
2025-05-11 09:07:56,137 INFO o.a.j.t.JMeterThread: Thread started: LoadTest 1-781
2025-05-11 09:07:56,137 INFO o.a.j.t.JMeterThread: Thread started: LoadTest 1-782
2025-05-11 09:07:56,138 INFO o.a.j.t.JMeterThread: Thread started: LoadTest 1-783
2025-05-11 09:07:56,140 INFO o.a.j.t.JMeterThread: Thread started: LoadTest 1-785
2025-05-11 09:07:56,140 INFO o.a.j.t.JMeterThread: Thread started: LoadTest 1-784
2025-05-11 09:07:56,141 INFO o.a.j.t.JMeterThread: Thread started: LoadTest 1-787
2025-05-11 09:07:56,142 INFO o.a.j.t.JMeterThread: Thread started: LoadTest 1-786
2025-05-11 09:07:56,143 INFO o.a.j.t.JMeterThread: Thread started: LoadTest 1-788
2025-05-11 09:07:56,144 INFO o.a.j.t.JMeterThread: Thread started: LoadTest 1-789
2025-05-11 09:07:56,145 INFO o.a.j.t.JMeterThread: Thread started: LoadTest 1-790
2025-05-11 09:07:56,146 INFO o.a.j.t.JMeterThread: Thread started: LoadTest 1-791
2025-05-11 09:07:56,148 INFO o.a.j.t.JMeterThread: Thread started: LoadTest 1-792
2025-05-11 09:07:56,148 INFO o.a.j.t.JMeterThread: Thread started: LoadTest 1-793
2025-05-11 09:07:56,149 INFO o.a.j.t.JMeterThread: Thread started: LoadTest 1-794
2025-05-11 09:07:56,150 INFO o.a.j.t.JMeterThread: Thread started: LoadTest 1-795
2025-05-11 09:07:56,151 INFO o.a.j.t.JMeterThread: Thread started: LoadTest 1-796
2025-05-11 09:07:56,152 INFO o.a.j.t.JMeterThread: Thread started: LoadTest 1-797
2025-05-11 09:07:56,153 INFO o.a.j.t.JMeterThread: Thread started: LoadTest 1-798
2025-05-11 09:07:56,154 INFO o.a.j.t.JMeterThread: Thread started: LoadTest 1-799
2025-05-11 09:07:56,155 INFO o.a.j.t.JMeterThread: Thread started: LoadTest 1-800
2025-05-11 09:07:56,156 INFO o.a.j.t.JMeterThread: Thread started: LoadTest 1-801
2025-05-11 09:07:56,157 INFO o.a.j.t.JMeterThread: Thread started: LoadTest 1-802
2025-05-11 09:07:56,158 INFO o.a.j.t.JMeterThread: Thread started: LoadTest 1-803
2025-05-11 09:07:56,159 INFO o.a.j.t.JMeterThread: Thread started: LoadTest 1-804
2025-05-11 09:07:56,159 INFO o.a.j.t.JMeterThread: Thread started: LoadTest 1-805
2025-05-11 09:07:56,160 INFO o.a.j.t.JMeterThread: Thread started: LoadTest 1-806
2025-05-11 09:07:56,162 INFO o.a.j.t.JMeterThread: Thread started: LoadTest 1-807
2025-05-11 09:07:56,163 INFO o.a.j.t.JMeterThread: Thread started: LoadTest 1-808
2025-05-11 09:07:56,163 INFO o.a.j.t.JMeterThread: Thread started: LoadTest 1-809
2025-05-11 09:07:56,165 INFO o.a.j.t.JMeterThread: Thread started: LoadTest 1-810
2025-05-11 09:07:56,166 INFO o.a.j.t.JMeterThread: Thread started: LoadTest 1-811
2025-05-11 09:07:56,168 INFO o.a.j.t.JMeterThread: Thread started: LoadTest 1-812
2025-05-11 09:07:56,168 INFO o.a.j.t.JMeterThread: Thread started: LoadTest 1-813
2025-05-11 09:07:56,169 INFO o.a.j.t.JMeterThread: Thread started: LoadTest 1-814
2025-05-11 09:07:56,170 INFO o.a.j.t.JMeterThread: Thread started: LoadTest 1-815
2025-05-11 09:07:56,171 INFO o.a.j.t.JMeterThread: Thread started: LoadTest 1-816
2025-05-11 09:07:56,172 INFO o.a.j.t.JMeterThread: Thread started: LoadTest 1-817
2025-05-11 09:07:56,172 INFO o.a.j.t.JMeterThread: Thread started: LoadTest 1-818
2025-05-11 09:07:56,174 INFO o.a.j.t.JMeterThread: Thread started: LoadTest 1-819
2025-05-11 09:07:56,175 INFO o.a.j.t.JMeterThread: Thread started: LoadTest 1-820
2025-05-11 09:07:56,177 INFO o.a.j.t.JMeterThread: Thread started: LoadTest 1-821
2025-05-11 09:07:56,177 INFO o.a.j.t.JMeterThread: Thread started: LoadTest 1-822
2025-05-11 09:07:56,178 INFO o.a.j.t.JMeterThread: Thread started: LoadTest 1-823
2025-05-11 09:07:56,179 INFO o.a.j.t.JMeterThread: Thread started: LoadTest 1-824
2025-05-11 09:07:56,180 INFO o.a.j.t.JMeterThread: Thread started: LoadTest 1-826
2025-05-11 09:07:56,181 INFO o.a.j.t.JMeterThread: Thread started: LoadTest 1-825
2025-05-11 09:07:56,181 INFO o.a.j.t.JMeterThread: Thread started: LoadTest 1-827
2025-05-11 09:07:56,183 INFO o.a.j.t.JMeterThread: Thread started: LoadTest 1-828
2025-05-11 09:07:56,184 INFO o.a.j.t.JMeterThread: Thread started: LoadTest 1-829
2025-05-11 09:07:56,184 INFO o.a.j.t.JMeterThread: Thread started: LoadTest 1-830
2025-05-11 09:07:56,187 INFO o.a.j.t.JMeterThread: Thread started: LoadTest 1-832
2025-05-11 09:07:56,187 INFO o.a.j.t.JMeterThread: Thread started: LoadTest 1-831
2025-05-11 09:07:56,188 INFO o.a.j.t.JMeterThread: Thread started: LoadTest 1-833
2025-05-11 09:07:56,189 INFO o.a.j.t.JMeterThread: Thread started: LoadTest 1-834
2025-05-11 09:07:56,190 INFO o.a.j.t.JMeterThread: Thread started: LoadTest 1-835
2025-05-11 09:07:56,192 INFO o.a.j.t.JMeterThread: Thread started: LoadTest 1-836
2025-05-11 09:07:56,192 INFO o.a.j.t.JMeterThread: Thread started: LoadTest 1-837
2025-05-11 09:07:56,192 INFO o.a.j.t.JMeterThread: Thread started: LoadTest 1-838
2025-05-11 09:07:56,195 INFO o.a.j.t.JMeterThread: Thread started: LoadTest 1-839
2025-05-11 09:07:56,195 INFO o.a.j.t.JMeterThread: Thread started: LoadTest 1-840
2025-05-11 09:07:56,196 INFO o.a.j.t.JMeterThread: Thread started: LoadTest 1-841
2025-05-11 09:07:56,203 INFO o.a.j.t.JMeterThread: Thread started: LoadTest 1-844
2025-05-11 09:07:56,203 INFO o.a.j.t.JMeterThread: Thread started: LoadTest 1-846
2025-05-11 09:07:56,198 INFO o.a.j.t.JMeterThread: Thread started: LoadTest 1-842
2025-05-11 09:07:56,203 INFO o.a.j.t.JMeterThread: Thread started: LoadTest 1-843
2025-05-11 09:07:56,203 INFO o.a.j.t.JMeterThread: Thread started: LoadTest 1-848
2025-05-11 09:07:56,203 INFO o.a.j.t.JMeterThread: Thread started: LoadTest 1-845
2025-05-11 09:07:56,203 INFO o.a.j.t.JMeterThread: Thread started: LoadTest 1-847
2025-05-11 09:07:56,204 INFO o.a.j.t.JMeterThread: Thread started: LoadTest 1-849
2025-05-11 09:07:56,205 INFO o.a.j.t.JMeterThread: Thread started: LoadTest 1-850
2025-05-11 09:07:56,207 INFO o.a.j.t.JMeterThread: Thread started: LoadTest 1-851
2025-05-11 09:07:56,208 INFO o.a.j.t.JMeterThread: Thread started: LoadTest 1-852
2025-05-11 09:07:56,208 INFO o.a.j.t.JMeterThread: Thread started: LoadTest 1-853
2025-05-11 09:07:56,209 INFO o.a.j.t.JMeterThread: Thread started: LoadTest 1-854
2025-05-11 09:07:56,210 INFO o.a.j.t.JMeterThread: Thread started: LoadTest 1-855
2025-05-11 09:07:56,211 INFO o.a.j.t.JMeterThread: Thread started: LoadTest 1-856
2025-05-11 09:07:56,212 INFO o.a.j.t.JMeterThread: Thread started: LoadTest 1-857
2025-05-11 09:07:56,212 INFO o.a.j.t.JMeterThread: Thread started: LoadTest 1-858
2025-05-11 09:07:56,213 INFO o.a.j.t.JMeterThread: Thread started: LoadTest 1-859
2025-05-11 09:07:56,215 INFO o.a.j.t.JMeterThread: Thread started: LoadTest 1-860
2025-05-11 09:07:56,215 INFO o.a.j.t.JMeterThread: Thread started: LoadTest 1-861
2025-05-11 09:07:56,217 INFO o.a.j.t.JMeterThread: Thread started: LoadTest 1-862
2025-05-11 09:07:56,218 INFO o.a.j.t.JMeterThread: Thread started: LoadTest 1-863
2025-05-11 09:07:56,218 INFO o.a.j.t.JMeterThread: Thread started: LoadTest 1-864
2025-05-11 09:07:56,220 INFO o.a.j.t.JMeterThread: Thread started: LoadTest 1-865
2025-05-11 09:07:56,221 INFO o.a.j.t.JMeterThread: Thread started: LoadTest 1-866
2025-05-11 09:07:56,221 INFO o.a.j.t.JMeterThread: Thread started: LoadTest 1-867
2025-05-11 09:07:56,222 INFO o.a.j.t.JMeterThread: Thread started: LoadTest 1-868
2025-05-11 09:07:56,224 INFO o.a.j.t.JMeterThread: Thread started: LoadTest 1-869
2025-05-11 09:07:56,225 INFO o.a.j.t.JMeterThread: Thread started: LoadTest 1-870
2025-05-11 09:07:56,225 INFO o.a.j.t.JMeterThread: Thread started: LoadTest 1-871
2025-05-11 09:07:56,227 INFO o.a.j.t.JMeterThread: Thread started: LoadTest 1-872
2025-05-11 09:07:56,229 INFO o.a.j.t.JMeterThread: Thread started: LoadTest 1-873
2025-05-11 09:07:56,229 INFO o.a.j.t.JMeterThread: Thread started: LoadTest 1-874
2025-05-11 09:07:56,230 INFO o.a.j.t.JMeterThread: Thread started: LoadTest 1-875
2025-05-11 09:07:56,231 INFO o.a.j.t.JMeterThread: Thread started: LoadTest 1-876
2025-05-11 09:07:56,231 INFO o.a.j.t.JMeterThread: Thread started: LoadTest 1-877
2025-05-11 09:07:56,233 INFO o.a.j.t.JMeterThread: Thread started: LoadTest 1-878
2025-05-11 09:07:56,234 INFO o.a.j.t.JMeterThread: Thread started: LoadTest 1-879
2025-05-11 09:07:56,235 INFO o.a.j.t.JMeterThread: Thread started: LoadTest 1-880
2025-05-11 09:07:56,236 INFO o.a.j.t.JMeterThread: Thread started: LoadTest 1-881
2025-05-11 09:07:56,236 INFO o.a.j.t.JMeterThread: Thread started: LoadTest 1-882
2025-05-11 09:07:56,238 INFO o.a.j.t.JMeterThread: Thread started: LoadTest 1-883
2025-05-11 09:07:56,239 INFO o.a.j.t.JMeterThread: Thread started: LoadTest 1-884
2025-05-11 09:07:56,241 INFO o.a.j.t.JMeterThread: Thread started: LoadTest 1-885
2025-05-11 09:07:56,241 INFO o.a.j.t.JMeterThread: Thread started: LoadTest 1-886
2025-05-11 09:07:56,242 INFO o.a.j.t.JMeterThread: Thread started: LoadTest 1-888
2025-05-11 09:07:56,243 INFO o.a.j.t.JMeterThread: Thread started: LoadTest 1-887
2025-05-11 09:07:56,244 INFO o.a.j.t.JMeterThread: Thread started: LoadTest 1-889
2025-05-11 09:07:56,245 INFO o.a.j.t.JMeterThread: Thread started: LoadTest 1-890
2025-05-11 09:07:56,246 INFO o.a.j.t.JMeterThread: Thread started: LoadTest 1-891
2025-05-11 09:07:56,246 INFO o.a.j.t.JMeterThread: Thread started: LoadTest 1-892
2025-05-11 09:07:56,248 INFO o.a.j.t.JMeterThread: Thread started: LoadTest 1-893
2025-05-11 09:07:56,248 INFO o.a.j.t.JMeterThread: Thread started: LoadTest 1-894
2025-05-11 09:07:56,250 INFO o.a.j.t.JMeterThread: Thread started: LoadTest 1-896
2025-05-11 09:07:56,252 INFO o.a.j.t.JMeterThread: Thread started: LoadTest 1-897
2025-05-11 09:07:56,252 INFO o.a.j.t.JMeterThread: Thread started: LoadTest 1-895
2025-05-11 09:07:56,252 INFO o.a.j.t.JMeterThread: Thread started: LoadTest 1-898
2025-05-11 09:07:56,254 INFO o.a.j.t.JMeterThread: Thread started: LoadTest 1-899
2025-05-11 09:07:56,254 INFO o.a.j.t.JMeterThread: Thread started: LoadTest 1-900
2025-05-11 09:07:56,256 INFO o.a.j.t.JMeterThread: Thread started: LoadTest 1-901
2025-05-11 09:07:56,256 INFO o.a.j.t.JMeterThread: Thread started: LoadTest 1-902
2025-05-11 09:07:56,258 INFO o.a.j.t.JMeterThread: Thread started: LoadTest 1-903
2025-05-11 09:07:56,260 INFO o.a.j.t.JMeterThread: Thread started: LoadTest 1-904
2025-05-11 09:07:56,260 INFO o.a.j.t.JMeterThread: Thread started: LoadTest 1-905
2025-05-11 09:07:56,261 INFO o.a.j.t.JMeterThread: Thread started: LoadTest 1-906
2025-05-11 09:07:56,263 INFO o.a.j.t.JMeterThread: Thread started: LoadTest 1-908
2025-05-11 09:07:56,264 INFO o.a.j.t.JMeterThread: Thread started: LoadTest 1-907
2025-05-11 09:07:56,265 INFO o.a.j.t.JMeterThread: Thread started: LoadTest 1-909
2025-05-11 09:07:56,266 INFO o.a.j.t.JMeterThread: Thread started: LoadTest 1-910
2025-05-11 09:07:56,267 INFO o.a.j.t.JMeterThread: Thread started: LoadTest 1-911
2025-05-11 09:07:56,267 INFO o.a.j.t.JMeterThread: Thread started: LoadTest 1-912
2025-05-11 09:07:56,268 INFO o.a.j.t.JMeterThread: Thread started: LoadTest 1-913
2025-05-11 09:07:56,269 INFO o.a.j.t.JMeterThread: Thread started: LoadTest 1-914
2025-05-11 09:07:56,270 INFO o.a.j.t.JMeterThread: Thread started: LoadTest 1-915
2025-05-11 09:07:56,271 INFO o.a.j.t.JMeterThread: Thread started: LoadTest 1-916
2025-05-11 09:07:56,271 INFO o.a.j.t.JMeterThread: Thread started: LoadTest 1-917
2025-05-11 09:07:56,273 INFO o.a.j.t.JMeterThread: Thread started: LoadTest 1-918
2025-05-11 09:07:56,274 INFO o.a.j.t.JMeterThread: Thread started: LoadTest 1-919
2025-05-11 09:07:56,275 INFO o.a.j.t.JMeterThread: Thread started: LoadTest 1-920
2025-05-11 09:07:56,276 INFO o.a.j.t.JMeterThread: Thread started: LoadTest 1-921
2025-05-11 09:07:56,278 INFO o.a.j.t.JMeterThread: Thread started: LoadTest 1-922
2025-05-11 09:07:56,278 INFO o.a.j.t.JMeterThread: Thread started: LoadTest 1-923
2025-05-11 09:07:56,278 INFO o.a.j.t.JMeterThread: Thread started: LoadTest 1-924
2025-05-11 09:07:56,279 INFO o.a.j.t.JMeterThread: Thread started: LoadTest 1-925
2025-05-11 09:07:56,281 INFO o.a.j.t.JMeterThread: Thread started: LoadTest 1-926
2025-05-11 09:07:56,282 INFO o.a.j.t.JMeterThread: Thread started: LoadTest 1-927
2025-05-11 09:07:56,283 INFO o.a.j.t.JMeterThread: Thread started: LoadTest 1-928
2025-05-11 09:07:56,283 INFO o.a.j.t.JMeterThread: Thread started: LoadTest 1-929
2025-05-11 09:07:56,284 INFO o.a.j.t.JMeterThread: Thread started: LoadTest 1-930
2025-05-11 09:07:56,286 INFO o.a.j.t.JMeterThread: Thread started: LoadTest 1-931
2025-05-11 09:07:56,287 INFO o.a.j.t.JMeterThread: Thread started: LoadTest 1-932
2025-05-11 09:07:56,287 INFO o.a.j.t.JMeterThread: Thread started: LoadTest 1-933
2025-05-11 09:07:56,288 INFO o.a.j.t.JMeterThread: Thread started: LoadTest 1-934
2025-05-11 09:07:56,290 INFO o.a.j.t.JMeterThread: Thread started: LoadTest 1-935
2025-05-11 09:07:56,291 INFO o.a.j.t.JMeterThread: Thread started: LoadTest 1-936
2025-05-11 09:07:56,291 INFO o.a.j.t.JMeterThread: Thread started: LoadTest 1-937
2025-05-11 09:07:56,292 INFO o.a.j.t.JMeterThread: Thread started: LoadTest 1-938
2025-05-11 09:07:56,294 INFO o.a.j.t.JMeterThread: Thread started: LoadTest 1-939
2025-05-11 09:07:56,294 INFO o.a.j.t.JMeterThread: Thread started: LoadTest 1-940
2025-05-11 09:07:56,296 INFO o.a.j.t.JMeterThread: Thread started: LoadTest 1-941
2025-05-11 09:07:56,297 INFO o.a.j.t.JMeterThread: Thread started: LoadTest 1-942
2025-05-11 09:07:56,298 INFO o.a.j.t.JMeterThread: Thread started: LoadTest 1-943
2025-05-11 09:07:56,299 INFO o.a.j.t.JMeterThread: Thread started: LoadTest 1-944
2025-05-11 09:07:56,300 INFO o.a.j.t.JMeterThread: Thread started: LoadTest 1-945
2025-05-11 09:07:56,301 INFO o.a.j.t.JMeterThread: Thread started: LoadTest 1-946
2025-05-11 09:07:56,301 INFO o.a.j.t.JMeterThread: Thread started: LoadTest 1-947
2025-05-11 09:07:56,303 INFO o.a.j.t.JMeterThread: Thread started: LoadTest 1-948
2025-05-11 09:07:56,304 INFO o.a.j.t.JMeterThread: Thread started: LoadTest 1-949
2025-05-11 09:07:56,305 INFO o.a.j.t.JMeterThread: Thread started: LoadTest 1-950
2025-05-11 09:07:56,305 INFO o.a.j.t.JMeterThread: Thread started: LoadTest 1-951
2025-05-11 09:07:56,307 INFO o.a.j.t.JMeterThread: Thread started: LoadTest 1-952
2025-05-11 09:07:56,308 INFO o.a.j.t.JMeterThread: Thread started: LoadTest 1-953
2025-05-11 09:07:56,310 INFO o.a.j.t.JMeterThread: Thread started: LoadTest 1-954
2025-05-11 09:07:56,310 INFO o.a.j.t.JMeterThread: Thread started: LoadTest 1-956
2025-05-11 09:07:56,311 INFO o.a.j.t.JMeterThread: Thread started: LoadTest 1-955
2025-05-11 09:07:56,312 INFO o.a.j.t.JMeterThread: Thread started: LoadTest 1-957
2025-05-11 09:07:56,314 INFO o.a.j.t.JMeterThread: Thread started: LoadTest 1-958
2025-05-11 09:07:56,314 INFO o.a.j.t.JMeterThread: Thread started: LoadTest 1-960
2025-05-11 09:07:56,314 INFO o.a.j.t.JMeterThread: Thread started: LoadTest 1-959
2025-05-11 09:07:56,317 INFO o.a.j.t.JMeterThread: Thread started: LoadTest 1-961
2025-05-11 09:07:56,318 INFO o.a.j.t.JMeterThread: Thread started: LoadTest 1-962
2025-05-11 09:07:56,319 INFO o.a.j.t.JMeterThread: Thread started: LoadTest 1-963
2025-05-11 09:07:56,320 INFO o.a.j.t.JMeterThread: Thread started: LoadTest 1-964
2025-05-11 09:07:56,321 INFO o.a.j.t.JMeterThread: Thread started: LoadTest 1-966
2025-05-11 09:07:56,321 INFO o.a.j.t.JMeterThread: Thread started: LoadTest 1-965
2025-05-11 09:07:56,324 INFO o.a.j.t.JMeterThread: Thread started: LoadTest 1-967
2025-05-11 09:07:56,324 INFO o.a.j.t.JMeterThread: Thread started: LoadTest 1-968
2025-05-11 09:07:56,325 INFO o.a.j.t.JMeterThread: Thread started: LoadTest 1-970
2025-05-11 09:07:56,325 INFO o.a.j.t.JMeterThread: Thread started: LoadTest 1-969
2025-05-11 09:07:56,327 INFO o.a.j.t.JMeterThread: Thread started: LoadTest 1-971
2025-05-11 09:07:56,328 INFO o.a.j.t.JMeterThread: Thread started: LoadTest 1-972
2025-05-11 09:07:56,329 INFO o.a.j.t.JMeterThread: Thread started: LoadTest 1-973
2025-05-11 09:07:56,329 INFO o.a.j.t.JMeterThread: Thread started: LoadTest 1-974
2025-05-11 09:07:56,330 INFO o.a.j.t.JMeterThread: Thread started: LoadTest 1-975
2025-05-11 09:07:56,331 INFO o.a.j.t.JMeterThread: Thread started: LoadTest 1-976
2025-05-11 09:07:56,332 INFO o.a.j.t.JMeterThread: Thread started: LoadTest 1-977
2025-05-11 09:07:56,333 INFO o.a.j.t.JMeterThread: Thread started: LoadTest 1-978
2025-05-11 09:07:56,333 INFO o.a.j.t.JMeterThread: Thread started: LoadTest 1-979
2025-05-11 09:07:56,335 INFO o.a.j.t.JMeterThread: Thread started: LoadTest 1-980
2025-05-11 09:07:56,336 INFO o.a.j.t.JMeterThread: Thread started: LoadTest 1-981
2025-05-11 09:07:56,336 INFO o.a.j.t.JMeterThread: Thread started: LoadTest 1-982
2025-05-11 09:07:56,337 INFO o.a.j.t.JMeterThread: Thread started: LoadTest 1-983
2025-05-11 09:07:56,339 INFO o.a.j.t.JMeterThread: Thread started: LoadTest 1-984
2025-05-11 09:07:56,340 INFO o.a.j.t.JMeterThread: Thread started: LoadTest 1-985
2025-05-11 09:07:56,341 INFO o.a.j.t.JMeterThread: Thread started: LoadTest 1-986
2025-05-11 09:07:56,342 INFO o.a.j.t.JMeterThread: Thread started: LoadTest 1-987
2025-05-11 09:07:56,342 INFO o.a.j.t.JMeterThread: Thread started: LoadTest 1-988
2025-05-11 09:07:56,343 INFO o.a.j.t.JMeterThread: Thread started: LoadTest 1-989
2025-05-11 09:07:56,345 INFO o.a.j.t.JMeterThread: Thread started: LoadTest 1-990
2025-05-11 09:07:56,346 INFO o.a.j.t.JMeterThread: Thread started: LoadTest 1-992
2025-05-11 09:07:56,347 INFO o.a.j.t.JMeterThread: Thread started: LoadTest 1-991
2025-05-11 09:07:56,348 INFO o.a.j.t.JMeterThread: Thread started: LoadTest 1-993
2025-05-11 09:07:56,349 INFO o.a.j.t.JMeterThread: Thread started: LoadTest 1-994
2025-05-11 09:07:56,350 INFO o.a.j.t.JMeterThread: Thread started: LoadTest 1-995
2025-05-11 09:07:56,351 INFO o.a.j.t.JMeterThread: Thread started: LoadTest 1-996
2025-05-11 09:07:56,352 INFO o.a.j.t.JMeterThread: Thread started: LoadTest 1-998
2025-05-11 09:07:56,353 INFO o.a.j.t.JMeterThread: Thread started: LoadTest 1-997
2025-05-11 09:07:56,354 INFO o.a.j.t.JMeterThread: Thread started: LoadTest 1-999
2025-05-11 09:07:56,355 INFO o.a.j.t.JMeterThread: Thread started: LoadTest 1-1000
